<?xml version="1.0" encoding="UTF-8"?>
<testsuites>
  <testsuite name="/Users/marindelija/Documents/Development/checkybot/phpunit.xml" tests="553" assertions="1155" errors="0" failures="0" skipped="0" time="153.379076">
    <testsuite name="Unit" tests="516" assertions="1062" errors="0" failures="0" skipped="0" time="142.796915">
      <testsuite name="Tests\Unit\Commands\CheckApiMonitorsTest" file="Check Api Monitors (Tests\Unit\Commands\CheckApiMonitors)" tests="3" assertions="6" errors="0" failures="0" skipped="0" time="0.959019">
        <testcase name="Command checks all active api monitors" file="Check Api Monitors (Tests\Unit\Commands\CheckApiMonitors)::Command checks all active api monitors" class="Tests\Unit\Commands\CheckApiMonitorsTest" classname="Tests.Unit.Commands.CheckApiMonitorsTest" assertions="2" time="0.617939"/>
        <testcase name="Command records failed checks" file="Check Api Monitors (Tests\Unit\Commands\CheckApiMonitors)::Command records failed checks" class="Tests\Unit\Commands\CheckApiMonitorsTest" classname="Tests.Unit.Commands.CheckApiMonitorsTest" assertions="2" time="0.161093"/>
        <testcase name="Command validates assertions" file="Check Api Monitors (Tests\Unit\Commands\CheckApiMonitors)::Command validates assertions" class="Tests\Unit\Commands\CheckApiMonitorsTest" classname="Tests.Unit.Commands.CheckApiMonitorsTest" assertions="2" time="0.179987"/>
      </testsuite>
      <testsuite name="Tests\Unit\Commands\CheckServerRulesTest" file="Check Server Rules (Tests\Unit\Commands\CheckServerRules)" tests="5" assertions="5" errors="0" failures="0" skipped="0" time="1.174961">
        <testcase name="Command checks all active server rules" file="Check Server Rules (Tests\Unit\Commands\CheckServerRules)::Command checks all active server rules" class="Tests\Unit\Commands\CheckServerRulesTest" classname="Tests.Unit.Commands.CheckServerRulesTest" assertions="1" time="0.179705"/>
        <testcase name="Command skips inactive rules" file="Check Server Rules (Tests\Unit\Commands\CheckServerRules)::Command skips inactive rules" class="Tests\Unit\Commands\CheckServerRulesTest" classname="Tests.Unit.Commands.CheckServerRulesTest" assertions="1" time="0.170056"/>
        <testcase name="Command evaluates cpu usage rule" file="Check Server Rules (Tests\Unit\Commands\CheckServerRules)::Command evaluates cpu usage rule" class="Tests\Unit\Commands\CheckServerRulesTest" classname="Tests.Unit.Commands.CheckServerRulesTest" assertions="1" time="0.232263"/>
        <testcase name="Command evaluates ram usage rule" file="Check Server Rules (Tests\Unit\Commands\CheckServerRules)::Command evaluates ram usage rule" class="Tests\Unit\Commands\CheckServerRulesTest" classname="Tests.Unit.Commands.CheckServerRulesTest" assertions="1" time="0.172799"/>
        <testcase name="Command evaluates disk usage rule" file="Check Server Rules (Tests\Unit\Commands\CheckServerRules)::Command evaluates disk usage rule" class="Tests\Unit\Commands\CheckServerRulesTest" classname="Tests.Unit.Commands.CheckServerRulesTest" assertions="1" time="0.420138"/>
      </testsuite>
      <testsuite name="Tests\Unit\Commands\LogJobCheckUptimeSslTest" file="Log Job Check Uptime Ssl (Tests\Unit\Commands\LogJobCheckUptimeSsl)" tests="18" assertions="34" errors="0" failures="0" skipped="0" time="6.492578">
        <testcase name="Command can be executed" file="Log Job Check Uptime Ssl (Tests\Unit\Commands\LogJobCheckUptimeSsl)::Command can be executed" class="Tests\Unit\Commands\LogJobCheckUptimeSslTest" classname="Tests.Unit.Commands.LogJobCheckUptimeSslTest" assertions="1" time="0.281813"/>
        <testcase name="Command dispatches jobs for 1 minute interval at every minute" file="Log Job Check Uptime Ssl (Tests\Unit\Commands\LogJobCheckUptimeSsl)::Command dispatches jobs for 1 minute interval at every minute" class="Tests\Unit\Commands\LogJobCheckUptimeSslTest" classname="Tests.Unit.Commands.LogJobCheckUptimeSslTest" assertions="2" time="0.257727"/>
        <testcase name="Command dispatches jobs for 5 minute interval when minute is divisible by 5" file="Log Job Check Uptime Ssl (Tests\Unit\Commands\LogJobCheckUptimeSsl)::Command dispatches jobs for 5 minute interval when minute is divisible by 5" class="Tests\Unit\Commands\LogJobCheckUptimeSslTest" classname="Tests.Unit.Commands.LogJobCheckUptimeSslTest" assertions="2" time="0.184609"/>
        <testcase name="Command dispatches jobs for multiple intervals when applicable" file="Log Job Check Uptime Ssl (Tests\Unit\Commands\LogJobCheckUptimeSsl)::Command dispatches jobs for multiple intervals when applicable" class="Tests\Unit\Commands\LogJobCheckUptimeSslTest" classname="Tests.Unit.Commands.LogJobCheckUptimeSslTest" assertions="2" time="0.170276"/>
        <testcase name="Command does not dispatch jobs when no intervals match" file="Log Job Check Uptime Ssl (Tests\Unit\Commands\LogJobCheckUptimeSsl)::Command does not dispatch jobs when no intervals match" class="Tests\Unit\Commands\LogJobCheckUptimeSslTest" classname="Tests.Unit.Commands.LogJobCheckUptimeSslTest" assertions="2" time="0.183152"/>
        <testcase name="Command does not dispatch jobs for websites with uptime check disabled" file="Log Job Check Uptime Ssl (Tests\Unit\Commands\LogJobCheckUptimeSsl)::Command does not dispatch jobs for websites with uptime check disabled" class="Tests\Unit\Commands\LogJobCheckUptimeSslTest" classname="Tests.Unit.Commands.LogJobCheckUptimeSslTest" assertions="2" time="0.801311"/>
        <testcase name="Command dispatches jobs to correct queue" file="Log Job Check Uptime Ssl (Tests\Unit\Commands\LogJobCheckUptimeSsl)::Command dispatches jobs to correct queue" class="Tests\Unit\Commands\LogJobCheckUptimeSslTest" classname="Tests.Unit.Commands.LogJobCheckUptimeSslTest" assertions="2" time="2.032740"/>
        <testcase name="Command displays processing message when websites found" file="Log Job Check Uptime Ssl (Tests\Unit\Commands\LogJobCheckUptimeSsl)::Command displays processing message when websites found" class="Tests\Unit\Commands\LogJobCheckUptimeSslTest" classname="Tests.Unit.Commands.LogJobCheckUptimeSslTest" assertions="1" time="0.652010"/>
        <testcase name="Command handles 10 minute interval" file="Log Job Check Uptime Ssl (Tests\Unit\Commands\LogJobCheckUptimeSsl)::Command handles 10 minute interval" class="Tests\Unit\Commands\LogJobCheckUptimeSslTest" classname="Tests.Unit.Commands.LogJobCheckUptimeSslTest" assertions="2" time="0.222333"/>
        <testcase name="Command handles 15 minute interval" file="Log Job Check Uptime Ssl (Tests\Unit\Commands\LogJobCheckUptimeSsl)::Command handles 15 minute interval" class="Tests\Unit\Commands\LogJobCheckUptimeSslTest" classname="Tests.Unit.Commands.LogJobCheckUptimeSslTest" assertions="2" time="0.239477"/>
        <testcase name="Command handles 30 minute interval" file="Log Job Check Uptime Ssl (Tests\Unit\Commands\LogJobCheckUptimeSsl)::Command handles 30 minute interval" class="Tests\Unit\Commands\LogJobCheckUptimeSslTest" classname="Tests.Unit.Commands.LogJobCheckUptimeSslTest" assertions="2" time="0.224119"/>
        <testcase name="Command handles 60 minute interval" file="Log Job Check Uptime Ssl (Tests\Unit\Commands\LogJobCheckUptimeSsl)::Command handles 60 minute interval" class="Tests\Unit\Commands\LogJobCheckUptimeSslTest" classname="Tests.Unit.Commands.LogJobCheckUptimeSslTest" assertions="2" time="0.182735"/>
        <testcase name="Command handles 360 minute interval" file="Log Job Check Uptime Ssl (Tests\Unit\Commands\LogJobCheckUptimeSsl)::Command handles 360 minute interval" class="Tests\Unit\Commands\LogJobCheckUptimeSslTest" classname="Tests.Unit.Commands.LogJobCheckUptimeSslTest" assertions="2" time="0.194805"/>
        <testcase name="Command handles 720 minute interval" file="Log Job Check Uptime Ssl (Tests\Unit\Commands\LogJobCheckUptimeSsl)::Command handles 720 minute interval" class="Tests\Unit\Commands\LogJobCheckUptimeSslTest" classname="Tests.Unit.Commands.LogJobCheckUptimeSslTest" assertions="2" time="0.173670"/>
        <testcase name="Command handles 1440 minute interval" file="Log Job Check Uptime Ssl (Tests\Unit\Commands\LogJobCheckUptimeSsl)::Command handles 1440 minute interval" class="Tests\Unit\Commands\LogJobCheckUptimeSslTest" classname="Tests.Unit.Commands.LogJobCheckUptimeSslTest" assertions="2" time="0.167015"/>
        <testcase name="Command dispatches correct website to job" file="Log Job Check Uptime Ssl (Tests\Unit\Commands\LogJobCheckUptimeSsl)::Command dispatches correct website to job" class="Tests\Unit\Commands\LogJobCheckUptimeSslTest" classname="Tests.Unit.Commands.LogJobCheckUptimeSslTest" assertions="2" time="0.164960"/>
        <testcase name="Command handles no websites" file="Log Job Check Uptime Ssl (Tests\Unit\Commands\LogJobCheckUptimeSsl)::Command handles no websites" class="Tests\Unit\Commands\LogJobCheckUptimeSslTest" classname="Tests.Unit.Commands.LogJobCheckUptimeSslTest" assertions="2" time="0.166637"/>
        <testcase name="Command has correct intervals array" file="Log Job Check Uptime Ssl (Tests\Unit\Commands\LogJobCheckUptimeSsl)::Command has correct intervals array" class="Tests\Unit\Commands\LogJobCheckUptimeSslTest" classname="Tests.Unit.Commands.LogJobCheckUptimeSslTest" assertions="2" time="0.193187"/>
      </testsuite>
      <testsuite name="Tests\Unit\Commands\PopulateSeoCheckComputedColumnsTest" file="Populate Seo Check Computed Columns (Tests\Unit\Commands\PopulateSeoCheckComputedColumns)" tests="14" assertions="30" errors="0" failures="0" skipped="0" time="3.497552">
        <testcase name="Command can be executed" file="Populate Seo Check Computed Columns (Tests\Unit\Commands\PopulateSeoCheckComputedColumns)::Command can be executed" class="Tests\Unit\Commands\PopulateSeoCheckComputedColumnsTest" classname="Tests.Unit.Commands.PopulateSeoCheckComputedColumnsTest" assertions="1" time="0.230222"/>
        <testcase name="Command populates errors count" file="Populate Seo Check Computed Columns (Tests\Unit\Commands\PopulateSeoCheckComputedColumns)::Command populates errors count" class="Tests\Unit\Commands\PopulateSeoCheckComputedColumnsTest" classname="Tests.Unit.Commands.PopulateSeoCheckComputedColumnsTest" assertions="2" time="0.228132"/>
        <testcase name="Command populates warnings count" file="Populate Seo Check Computed Columns (Tests\Unit\Commands\PopulateSeoCheckComputedColumns)::Command populates warnings count" class="Tests\Unit\Commands\PopulateSeoCheckComputedColumnsTest" classname="Tests.Unit.Commands.PopulateSeoCheckComputedColumnsTest" assertions="2" time="0.257265"/>
        <testcase name="Command populates notices count" file="Populate Seo Check Computed Columns (Tests\Unit\Commands\PopulateSeoCheckComputedColumns)::Command populates notices count" class="Tests\Unit\Commands\PopulateSeoCheckComputedColumnsTest" classname="Tests.Unit.Commands.PopulateSeoCheckComputedColumnsTest" assertions="2" time="0.199396"/>
        <testcase name="Command populates http errors count" file="Populate Seo Check Computed Columns (Tests\Unit\Commands\PopulateSeoCheckComputedColumns)::Command populates http errors count" class="Tests\Unit\Commands\PopulateSeoCheckComputedColumnsTest" classname="Tests.Unit.Commands.PopulateSeoCheckComputedColumnsTest" assertions="2" time="0.172901"/>
        <testcase name="Command calculates health score" file="Populate Seo Check Computed Columns (Tests\Unit\Commands\PopulateSeoCheckComputedColumns)::Command calculates health score" class="Tests\Unit\Commands\PopulateSeoCheckComputedColumnsTest" classname="Tests.Unit.Commands.PopulateSeoCheckComputedColumnsTest" assertions="2" time="0.191306"/>
        <testcase name="Command calculates health score with http errors" file="Populate Seo Check Computed Columns (Tests\Unit\Commands\PopulateSeoCheckComputedColumns)::Command calculates health score with http errors" class="Tests\Unit\Commands\PopulateSeoCheckComputedColumnsTest" classname="Tests.Unit.Commands.PopulateSeoCheckComputedColumnsTest" assertions="2" time="0.233930"/>
        <testcase name="Command handles zero urls crawled" file="Populate Seo Check Computed Columns (Tests\Unit\Commands\PopulateSeoCheckComputedColumns)::Command handles zero urls crawled" class="Tests\Unit\Commands\PopulateSeoCheckComputedColumnsTest" classname="Tests.Unit.Commands.PopulateSeoCheckComputedColumnsTest" assertions="2" time="0.330692"/>
        <testcase name="Command ensures health score not negative" file="Populate Seo Check Computed Columns (Tests\Unit\Commands\PopulateSeoCheckComputedColumns)::Command ensures health score not negative" class="Tests\Unit\Commands\PopulateSeoCheckComputedColumnsTest" classname="Tests.Unit.Commands.PopulateSeoCheckComputedColumnsTest" assertions="3" time="0.296399"/>
        <testcase name="Command processes multiple seo checks" file="Populate Seo Check Computed Columns (Tests\Unit\Commands\PopulateSeoCheckComputedColumns)::Command processes multiple seo checks" class="Tests\Unit\Commands\PopulateSeoCheckComputedColumnsTest" classname="Tests.Unit.Commands.PopulateSeoCheckComputedColumnsTest" assertions="4" time="0.196698"/>
        <testcase name="Command displays progress bar" file="Populate Seo Check Computed Columns (Tests\Unit\Commands\PopulateSeoCheckComputedColumns)::Command displays progress bar" class="Tests\Unit\Commands\PopulateSeoCheckComputedColumnsTest" classname="Tests.Unit.Commands.PopulateSeoCheckComputedColumnsTest" assertions="2" time="0.186397"/>
        <testcase name="Command displays completion message" file="Populate Seo Check Computed Columns (Tests\Unit\Commands\PopulateSeoCheckComputedColumns)::Command displays completion message" class="Tests\Unit\Commands\PopulateSeoCheckComputedColumnsTest" classname="Tests.Unit.Commands.PopulateSeoCheckComputedColumnsTest" assertions="1" time="0.355519"/>
        <testcase name="Command handles no seo checks" file="Populate Seo Check Computed Columns (Tests\Unit\Commands\PopulateSeoCheckComputedColumns)::Command handles no seo checks" class="Tests\Unit\Commands\PopulateSeoCheckComputedColumnsTest" classname="Tests.Unit.Commands.PopulateSeoCheckComputedColumnsTest" assertions="2" time="0.283103"/>
        <testcase name="Command updates existing computed values" file="Populate Seo Check Computed Columns (Tests\Unit\Commands\PopulateSeoCheckComputedColumns)::Command updates existing computed values" class="Tests\Unit\Commands\PopulateSeoCheckComputedColumnsTest" classname="Tests.Unit.Commands.PopulateSeoCheckComputedColumnsTest" assertions="3" time="0.335593"/>
      </testsuite>
      <testsuite name="Tests\Unit\Commands\PurgeServerLogsTest" file="Purge Server Logs (Tests\Unit\Commands\PurgeServerLogs)" tests="13" assertions="69" errors="0" failures="0" skipped="0" time="3.292437">
        <testcase name="Command can be executed" file="Purge Server Logs (Tests\Unit\Commands\PurgeServerLogs)::Command can be executed" class="Tests\Unit\Commands\PurgeServerLogsTest" classname="Tests.Unit.Commands.PurgeServerLogsTest" assertions="1" time="0.255308"/>
        <testcase name="Command keeps all data from last 24 hours" file="Purge Server Logs (Tests\Unit\Commands\PurgeServerLogs)::Command keeps all data from last 24 hours" class="Tests\Unit\Commands\PurgeServerLogsTest" classname="Tests.Unit.Commands.PurgeServerLogsTest" assertions="25" time="0.464253"/>
        <testcase name="Command keeps 10 minute intervals for data between 24 hours and 7 days" file="Purge Server Logs (Tests\Unit\Commands\PurgeServerLogs)::Command keeps 10 minute intervals for data between 24 hours and 7 days" class="Tests\Unit\Commands\PurgeServerLogsTest" classname="Tests.Unit.Commands.PurgeServerLogsTest" assertions="7" time="0.183983"/>
        <testcase name="Command deletes non 10 minute intervals for data between 24 hours and 7 days" file="Purge Server Logs (Tests\Unit\Commands\PurgeServerLogs)::Command deletes non 10 minute intervals for data between 24 hours and 7 days" class="Tests\Unit\Commands\PurgeServerLogsTest" classname="Tests.Unit.Commands.PurgeServerLogsTest" assertions="2" time="0.214011"/>
        <testcase name="Command keeps hourly data for data older than 7 days" file="Purge Server Logs (Tests\Unit\Commands\PurgeServerLogs)::Command keeps hourly data for data older than 7 days" class="Tests\Unit\Commands\PurgeServerLogsTest" classname="Tests.Unit.Commands.PurgeServerLogsTest" assertions="11" time="0.524040"/>
        <testcase name="Command deletes non hourly data for data older than 7 days" file="Purge Server Logs (Tests\Unit\Commands\PurgeServerLogs)::Command deletes non hourly data for data older than 7 days" class="Tests\Unit\Commands\PurgeServerLogsTest" classname="Tests.Unit.Commands.PurgeServerLogsTest" assertions="2" time="0.223993"/>
        <testcase name="Command handles empty database" file="Purge Server Logs (Tests\Unit\Commands\PurgeServerLogs)::Command handles empty database" class="Tests\Unit\Commands\PurgeServerLogsTest" classname="Tests.Unit.Commands.PurgeServerLogsTest" assertions="2" time="0.256298"/>
        <testcase name="Command preserves data correctly across all time ranges" file="Purge Server Logs (Tests\Unit\Commands\PurgeServerLogs)::Command preserves data correctly across all time ranges" class="Tests\Unit\Commands\PurgeServerLogsTest" classname="Tests.Unit.Commands.PurgeServerLogsTest" assertions="6" time="0.208149"/>
        <testcase name="Command handles multiple servers" file="Purge Server Logs (Tests\Unit\Commands\PurgeServerLogs)::Command handles multiple servers" class="Tests\Unit\Commands\PurgeServerLogsTest" classname="Tests.Unit.Commands.PurgeServerLogsTest" assertions="2" time="0.194377"/>
        <testcase name="Command keeps valid 10 minute intervals" file="Purge Server Logs (Tests\Unit\Commands\PurgeServerLogs)::Command keeps valid 10 minute intervals" class="Tests\Unit\Commands\PurgeServerLogsTest" classname="Tests.Unit.Commands.PurgeServerLogsTest" assertions="2" time="0.233863"/>
        <testcase name="Command deletes invalid 10 minute intervals" file="Purge Server Logs (Tests\Unit\Commands\PurgeServerLogs)::Command deletes invalid 10 minute intervals" class="Tests\Unit\Commands\PurgeServerLogsTest" classname="Tests.Unit.Commands.PurgeServerLogsTest" assertions="2" time="0.179420"/>
        <testcase name="Command has correct signature" file="Purge Server Logs (Tests\Unit\Commands\PurgeServerLogs)::Command has correct signature" class="Tests\Unit\Commands\PurgeServerLogsTest" classname="Tests.Unit.Commands.PurgeServerLogsTest" assertions="1" time="0.181880"/>
        <testcase name="Command operates on correct time boundaries" file="Purge Server Logs (Tests\Unit\Commands\PurgeServerLogs)::Command operates on correct time boundaries" class="Tests\Unit\Commands\PurgeServerLogsTest" classname="Tests.Unit.Commands.PurgeServerLogsTest" assertions="6" time="0.172862"/>
      </testsuite>
      <testsuite name="Tests\Unit\Commands\RunScheduledSeoChecksTest" file="Run Scheduled Seo Checks (Tests\Unit\Commands\RunScheduledSeoChecks)" tests="14" assertions="36" errors="0" failures="0" skipped="0" time="2.490358">
        <testcase name="Command can be executed" file="Run Scheduled Seo Checks (Tests\Unit\Commands\RunScheduledSeoChecks)::Command can be executed" class="Tests\Unit\Commands\RunScheduledSeoChecksTest" classname="Tests.Unit.Commands.RunScheduledSeoChecksTest" assertions="1" time="0.177738"/>
        <testcase name="Command finds no scheduled checks" file="Run Scheduled Seo Checks (Tests\Unit\Commands\RunScheduledSeoChecks)::Command finds no scheduled checks" class="Tests\Unit\Commands\RunScheduledSeoChecksTest" classname="Tests.Unit.Commands.RunScheduledSeoChecksTest" assertions="3" time="0.163590"/>
        <testcase name="Command dispatches job for due schedule" file="Run Scheduled Seo Checks (Tests\Unit\Commands\RunScheduledSeoChecks)::Command dispatches job for due schedule" class="Tests\Unit\Commands\RunScheduledSeoChecksTest" classname="Tests.Unit.Commands.RunScheduledSeoChecksTest" assertions="2" time="0.169607"/>
        <testcase name="Command creates seo check for due schedule" file="Run Scheduled Seo Checks (Tests\Unit\Commands\RunScheduledSeoChecks)::Command creates seo check for due schedule" class="Tests\Unit\Commands\RunScheduledSeoChecksTest" classname="Tests.Unit.Commands.RunScheduledSeoChecksTest" assertions="2" time="0.196631"/>
        <testcase name="Command updates schedule next run time" file="Run Scheduled Seo Checks (Tests\Unit\Commands\RunScheduledSeoChecks)::Command updates schedule next run time" class="Tests\Unit\Commands\RunScheduledSeoChecksTest" classname="Tests.Unit.Commands.RunScheduledSeoChecksTest" assertions="3" time="0.168909"/>
        <testcase name="Command skips schedules not due" file="Run Scheduled Seo Checks (Tests\Unit\Commands\RunScheduledSeoChecks)::Command skips schedules not due" class="Tests\Unit\Commands\RunScheduledSeoChecksTest" classname="Tests.Unit.Commands.RunScheduledSeoChecksTest" assertions="3" time="0.163449"/>
        <testcase name="Command skips inactive schedules" file="Run Scheduled Seo Checks (Tests\Unit\Commands\RunScheduledSeoChecks)::Command skips inactive schedules" class="Tests\Unit\Commands\RunScheduledSeoChecksTest" classname="Tests.Unit.Commands.RunScheduledSeoChecksTest" assertions="3" time="0.163341"/>
        <testcase name="Command skips schedules with no crawlable urls" file="Run Scheduled Seo Checks (Tests\Unit\Commands\RunScheduledSeoChecks)::Command skips schedules with no crawlable urls" class="Tests\Unit\Commands\RunScheduledSeoChecksTest" classname="Tests.Unit.Commands.RunScheduledSeoChecksTest" assertions="3" time="0.169064"/>
        <testcase name="Command processes multiple due schedules" file="Run Scheduled Seo Checks (Tests\Unit\Commands\RunScheduledSeoChecks)::Command processes multiple due schedules" class="Tests\Unit\Commands\RunScheduledSeoChecksTest" classname="Tests.Unit.Commands.RunScheduledSeoChecksTest" assertions="3" time="0.174682"/>
        <testcase name="Command dispatches job to correct queue" file="Run Scheduled Seo Checks (Tests\Unit\Commands\RunScheduledSeoChecks)::Command dispatches job to correct queue" class="Tests\Unit\Commands\RunScheduledSeoChecksTest" classname="Tests.Unit.Commands.RunScheduledSeoChecksTest" assertions="2" time="0.174276"/>
        <testcase name="Command creates seo check with correct data" file="Run Scheduled Seo Checks (Tests\Unit\Commands\RunScheduledSeoChecks)::Command creates seo check with correct data" class="Tests\Unit\Commands\RunScheduledSeoChecksTest" classname="Tests.Unit.Commands.RunScheduledSeoChecksTest" assertions="5" time="0.165001"/>
        <testcase name="Command handles exceptions gracefully" file="Run Scheduled Seo Checks (Tests\Unit\Commands\RunScheduledSeoChecks)::Command handles exceptions gracefully" class="Tests\Unit\Commands\RunScheduledSeoChecksTest" classname="Tests.Unit.Commands.RunScheduledSeoChecksTest" assertions="2" time="0.270318"/>
        <testcase name="Command displays progress bar" file="Run Scheduled Seo Checks (Tests\Unit\Commands\RunScheduledSeoChecks)::Command displays progress bar" class="Tests\Unit\Commands\RunScheduledSeoChecksTest" classname="Tests.Unit.Commands.RunScheduledSeoChecksTest" assertions="2" time="0.170357"/>
        <testcase name="Command logs scheduled check start" file="Run Scheduled Seo Checks (Tests\Unit\Commands\RunScheduledSeoChecks)::Command logs scheduled check start" class="Tests\Unit\Commands\RunScheduledSeoChecksTest" classname="Tests.Unit.Commands.RunScheduledSeoChecksTest" assertions="2" time="0.163395"/>
      </testsuite>
      <testsuite name="Tests\Unit\Commands\ScanWebsiteForOutboundCheckTest" file="Scan Website For Outbound Check (Tests\Unit\Commands\ScanWebsiteForOutboundCheck)" tests="11" assertions="21" errors="0" failures="0" skipped="0" time="1.904614">
        <testcase name="Command can be executed" file="Scan Website For Outbound Check (Tests\Unit\Commands\ScanWebsiteForOutboundCheck)::Command can be executed" class="Tests\Unit\Commands\ScanWebsiteForOutboundCheckTest" classname="Tests.Unit.Commands.ScanWebsiteForOutboundCheckTest" assertions="1" time="0.164389"/>
        <testcase name="Command dispatches jobs for websites with outbound check enabled" file="Scan Website For Outbound Check (Tests\Unit\Commands\ScanWebsiteForOutboundCheck)::Command dispatches jobs for websites with outbound check enabled" class="Tests\Unit\Commands\ScanWebsiteForOutboundCheckTest" classname="Tests.Unit.Commands.ScanWebsiteForOutboundCheckTest" assertions="2" time="0.158369"/>
        <testcase name="Command does not dispatch jobs for websites with outbound check disabled" file="Scan Website For Outbound Check (Tests\Unit\Commands\ScanWebsiteForOutboundCheck)::Command does not dispatch jobs for websites with outbound check disabled" class="Tests\Unit\Commands\ScanWebsiteForOutboundCheckTest" classname="Tests.Unit.Commands.ScanWebsiteForOutboundCheckTest" assertions="2" time="0.161021"/>
        <testcase name="Command dispatches jobs only for enabled websites" file="Scan Website For Outbound Check (Tests\Unit\Commands\ScanWebsiteForOutboundCheck)::Command dispatches jobs only for enabled websites" class="Tests\Unit\Commands\ScanWebsiteForOutboundCheckTest" classname="Tests.Unit.Commands.ScanWebsiteForOutboundCheckTest" assertions="2" time="0.162570"/>
        <testcase name="Command dispatches jobs to correct queue" file="Scan Website For Outbound Check (Tests\Unit\Commands\ScanWebsiteForOutboundCheck)::Command dispatches jobs to correct queue" class="Tests\Unit\Commands\ScanWebsiteForOutboundCheckTest" classname="Tests.Unit.Commands.ScanWebsiteForOutboundCheckTest" assertions="2" time="0.178735"/>
        <testcase name="Command logs completion" file="Scan Website For Outbound Check (Tests\Unit\Commands\ScanWebsiteForOutboundCheck)::Command logs completion" class="Tests\Unit\Commands\ScanWebsiteForOutboundCheckTest" classname="Tests.Unit.Commands.ScanWebsiteForOutboundCheckTest" assertions="2" time="0.160019"/>
        <testcase name="Command handles no websites" file="Scan Website For Outbound Check (Tests\Unit\Commands\ScanWebsiteForOutboundCheck)::Command handles no websites" class="Tests\Unit\Commands\ScanWebsiteForOutboundCheckTest" classname="Tests.Unit.Commands.ScanWebsiteForOutboundCheckTest" assertions="3" time="0.150616"/>
        <testcase name="Command dispatches correct website to job" file="Scan Website For Outbound Check (Tests\Unit\Commands\ScanWebsiteForOutboundCheck)::Command dispatches correct website to job" class="Tests\Unit\Commands\ScanWebsiteForOutboundCheckTest" classname="Tests.Unit.Commands.ScanWebsiteForOutboundCheckTest" assertions="2" time="0.161585"/>
        <testcase name="Command handles large number of websites" file="Scan Website For Outbound Check (Tests\Unit\Commands\ScanWebsiteForOutboundCheck)::Command handles large number of websites" class="Tests\Unit\Commands\ScanWebsiteForOutboundCheckTest" classname="Tests.Unit.Commands.ScanWebsiteForOutboundCheckTest" assertions="2" time="0.291759"/>
        <testcase name="Command has correct signature" file="Scan Website For Outbound Check (Tests\Unit\Commands\ScanWebsiteForOutboundCheck)::Command has correct signature" class="Tests\Unit\Commands\ScanWebsiteForOutboundCheckTest" classname="Tests.Unit.Commands.ScanWebsiteForOutboundCheckTest" assertions="1" time="0.161737"/>
        <testcase name="Command has correct description" file="Scan Website For Outbound Check (Tests\Unit\Commands\ScanWebsiteForOutboundCheck)::Command has correct description" class="Tests\Unit\Commands\ScanWebsiteForOutboundCheckTest" classname="Tests.Unit.Commands.ScanWebsiteForOutboundCheckTest" assertions="2" time="0.153813"/>
      </testsuite>
      <testsuite name="Tests\Unit\Commands\WriteJobCheckSslTest" file="Write Job Check Ssl (Tests\Unit\Commands\WriteJobCheckSsl)" tests="21" assertions="42" errors="0" failures="0" skipped="0" time="3.695810">
        <testcase name="Command can be executed" file="Write Job Check Ssl (Tests\Unit\Commands\WriteJobCheckSsl)::Command can be executed" class="Tests\Unit\Commands\WriteJobCheckSslTest" classname="Tests.Unit.Commands.WriteJobCheckSslTest" assertions="2" time="0.386773"/>
        <testcase name="Command dispatches jobs for websites with ssl expiring in 14 days" file="Write Job Check Ssl (Tests\Unit\Commands\WriteJobCheckSsl)::Command dispatches jobs for websites with ssl expiring in 14 days" class="Tests\Unit\Commands\WriteJobCheckSslTest" classname="Tests.Unit.Commands.WriteJobCheckSslTest" assertions="2" time="0.161865"/>
        <testcase name="Command dispatches jobs for websites with ssl expiring in 7 days" file="Write Job Check Ssl (Tests\Unit\Commands\WriteJobCheckSsl)::Command dispatches jobs for websites with ssl expiring in 7 days" class="Tests\Unit\Commands\WriteJobCheckSslTest" classname="Tests.Unit.Commands.WriteJobCheckSslTest" assertions="2" time="0.158350"/>
        <testcase name="Command dispatches jobs for websites with ssl expiring in 3 days" file="Write Job Check Ssl (Tests\Unit\Commands\WriteJobCheckSsl)::Command dispatches jobs for websites with ssl expiring in 3 days" class="Tests\Unit\Commands\WriteJobCheckSslTest" classname="Tests.Unit.Commands.WriteJobCheckSslTest" assertions="2" time="0.175376"/>
        <testcase name="Command dispatches jobs for websites with ssl expiring in 2 days" file="Write Job Check Ssl (Tests\Unit\Commands\WriteJobCheckSsl)::Command dispatches jobs for websites with ssl expiring in 2 days" class="Tests\Unit\Commands\WriteJobCheckSslTest" classname="Tests.Unit.Commands.WriteJobCheckSslTest" assertions="2" time="0.150998"/>
        <testcase name="Command dispatches jobs for websites with ssl expiring in 1 day" file="Write Job Check Ssl (Tests\Unit\Commands\WriteJobCheckSsl)::Command dispatches jobs for websites with ssl expiring in 1 day" class="Tests\Unit\Commands\WriteJobCheckSslTest" classname="Tests.Unit.Commands.WriteJobCheckSslTest" assertions="2" time="0.148760"/>
        <testcase name="Command dispatches jobs for websites with expired ssl" file="Write Job Check Ssl (Tests\Unit\Commands\WriteJobCheckSsl)::Command dispatches jobs for websites with expired ssl" class="Tests\Unit\Commands\WriteJobCheckSslTest" classname="Tests.Unit.Commands.WriteJobCheckSslTest" assertions="2" time="0.152966"/>
        <testcase name="Command does not dispatch jobs for ssl expiring in non reminder days" file="Write Job Check Ssl (Tests\Unit\Commands\WriteJobCheckSsl)::Command does not dispatch jobs for ssl expiring in non reminder days" class="Tests\Unit\Commands\WriteJobCheckSslTest" classname="Tests.Unit.Commands.WriteJobCheckSslTest" assertions="2" time="0.146931"/>
        <testcase name="Command dispatches jobs for websites without ssl expiry date" file="Write Job Check Ssl (Tests\Unit\Commands\WriteJobCheckSsl)::Command dispatches jobs for websites without ssl expiry date" class="Tests\Unit\Commands\WriteJobCheckSslTest" classname="Tests.Unit.Commands.WriteJobCheckSslTest" assertions="2" time="0.157256"/>
        <testcase name="Command does not dispatch jobs for websites with ssl check disabled" file="Write Job Check Ssl (Tests\Unit\Commands\WriteJobCheckSsl)::Command does not dispatch jobs for websites with ssl check disabled" class="Tests\Unit\Commands\WriteJobCheckSslTest" classname="Tests.Unit.Commands.WriteJobCheckSslTest" assertions="2" time="0.148921"/>
        <testcase name="Command dispatches jobs to correct queue" file="Write Job Check Ssl (Tests\Unit\Commands\WriteJobCheckSsl)::Command dispatches jobs to correct queue" class="Tests\Unit\Commands\WriteJobCheckSslTest" classname="Tests.Unit.Commands.WriteJobCheckSslTest" assertions="2" time="0.187469"/>
        <testcase name="Command dispatches jobs for multiple websites matching criteria" file="Write Job Check Ssl (Tests\Unit\Commands\WriteJobCheckSsl)::Command dispatches jobs for multiple websites matching criteria" class="Tests\Unit\Commands\WriteJobCheckSslTest" classname="Tests.Unit.Commands.WriteJobCheckSslTest" assertions="2" time="0.156709"/>
        <testcase name="Command dispatches correct website to job" file="Write Job Check Ssl (Tests\Unit\Commands\WriteJobCheckSsl)::Command dispatches correct website to job" class="Tests\Unit\Commands\WriteJobCheckSslTest" classname="Tests.Unit.Commands.WriteJobCheckSslTest" assertions="2" time="0.153535"/>
        <testcase name="Command handles no websites" file="Write Job Check Ssl (Tests\Unit\Commands\WriteJobCheckSsl)::Command handles no websites" class="Tests\Unit\Commands\WriteJobCheckSslTest" classname="Tests.Unit.Commands.WriteJobCheckSslTest" assertions="3" time="0.152965"/>
        <testcase name="Command filters correctly by reminder days" file="Write Job Check Ssl (Tests\Unit\Commands\WriteJobCheckSsl)::Command filters correctly by reminder days" class="Tests\Unit\Commands\WriteJobCheckSslTest" classname="Tests.Unit.Commands.WriteJobCheckSslTest" assertions="2" time="0.171282"/>
        <testcase name="Command handles ssl expired multiple days ago" file="Write Job Check Ssl (Tests\Unit\Commands\WriteJobCheckSsl)::Command handles ssl expired multiple days ago" class="Tests\Unit\Commands\WriteJobCheckSslTest" classname="Tests.Unit.Commands.WriteJobCheckSslTest" assertions="2" time="0.162934"/>
        <testcase name="Command handles ssl expiring today" file="Write Job Check Ssl (Tests\Unit\Commands\WriteJobCheckSsl)::Command handles ssl expiring today" class="Tests\Unit\Commands\WriteJobCheckSslTest" classname="Tests.Unit.Commands.WriteJobCheckSslTest" assertions="2" time="0.154713"/>
        <testcase name="Command displays success message" file="Write Job Check Ssl (Tests\Unit\Commands\WriteJobCheckSsl)::Command displays success message" class="Tests\Unit\Commands\WriteJobCheckSslTest" classname="Tests.Unit.Commands.WriteJobCheckSslTest" assertions="2" time="0.154963"/>
        <testcase name="Command has correct signature" file="Write Job Check Ssl (Tests\Unit\Commands\WriteJobCheckSsl)::Command has correct signature" class="Tests\Unit\Commands\WriteJobCheckSslTest" classname="Tests.Unit.Commands.WriteJobCheckSslTest" assertions="1" time="0.148959"/>
        <testcase name="Command only checks websites with ssl check enabled" file="Write Job Check Ssl (Tests\Unit\Commands\WriteJobCheckSsl)::Command only checks websites with ssl check enabled" class="Tests\Unit\Commands\WriteJobCheckSslTest" classname="Tests.Unit.Commands.WriteJobCheckSslTest" assertions="2" time="0.155879"/>
        <testcase name="Command handles large number of websites" file="Write Job Check Ssl (Tests\Unit\Commands\WriteJobCheckSsl)::Command handles large number of websites" class="Tests\Unit\Commands\WriteJobCheckSslTest" classname="Tests.Unit.Commands.WriteJobCheckSslTest" assertions="2" time="0.308208"/>
      </testsuite>
      <testsuite name="Tests\Unit\Crawlers\SeoHealthCheckCrawlerTest" file="Seo Health Check Crawler (Tests\Unit\Crawlers\SeoHealthCheckCrawler)" tests="15" assertions="22" errors="0" failures="0" skipped="0" time="3.185722">
        <testcase name="Will crawl updates progress" file="Seo Health Check Crawler (Tests\Unit\Crawlers\SeoHealthCheckCrawler)::Will crawl updates progress" class="Tests\Unit\Crawlers\SeoHealthCheckCrawlerTest" classname="Tests.Unit.Crawlers.SeoHealthCheckCrawlerTest" assertions="1" time="0.176465"/>
        <testcase name="Will crawl broadcasts progress every 5 urls" file="Seo Health Check Crawler (Tests\Unit\Crawlers\SeoHealthCheckCrawler)::Will crawl broadcasts progress every 5 urls" class="Tests\Unit\Crawlers\SeoHealthCheckCrawlerTest" classname="Tests.Unit.Crawlers.SeoHealthCheckCrawlerTest" assertions="1" time="0.163927"/>
        <testcase name="Crawled extracts seo data" file="Seo Health Check Crawler (Tests\Unit\Crawlers\SeoHealthCheckCrawler)::Crawled extracts seo data" class="Tests\Unit\Crawlers\SeoHealthCheckCrawlerTest" classname="Tests.Unit.Crawlers.SeoHealthCheckCrawlerTest" assertions="1" time="0.157370"/>
        <testcase name="Crawl failed records failed result" file="Seo Health Check Crawler (Tests\Unit\Crawlers\SeoHealthCheckCrawler)::Crawl failed records failed result" class="Tests\Unit\Crawlers\SeoHealthCheckCrawlerTest" classname="Tests.Unit.Crawlers.SeoHealthCheckCrawlerTest" assertions="1" time="0.154377"/>
        <testcase name="Finished crawling updates seo check status" file="Seo Health Check Crawler (Tests\Unit\Crawlers\SeoHealthCheckCrawler)::Finished crawling updates seo check status" class="Tests\Unit\Crawlers\SeoHealthCheckCrawlerTest" classname="Tests.Unit.Crawlers.SeoHealthCheckCrawlerTest" assertions="2" time="0.161641"/>
        <testcase name="Finished crawling broadcasts completion event" file="Seo Health Check Crawler (Tests\Unit\Crawlers\SeoHealthCheckCrawler)::Finished crawling broadcasts completion event" class="Tests\Unit\Crawlers\SeoHealthCheckCrawlerTest" classname="Tests.Unit.Crawlers.SeoHealthCheckCrawlerTest" assertions="1" time="0.156171"/>
        <testcase name="Extracts internal links" file="Seo Health Check Crawler (Tests\Unit\Crawlers\SeoHealthCheckCrawler)::Extracts internal links" class="Tests\Unit\Crawlers\SeoHealthCheckCrawlerTest" classname="Tests.Unit.Crawlers.SeoHealthCheckCrawlerTest" assertions="3" time="0.156889"/>
        <testcase name="Extracts external links" file="Seo Health Check Crawler (Tests\Unit\Crawlers\SeoHealthCheckCrawler)::Extracts external links" class="Tests\Unit\Crawlers\SeoHealthCheckCrawlerTest" classname="Tests.Unit.Crawlers.SeoHealthCheckCrawlerTest" assertions="3" time="0.161259"/>
        <testcase name="Extracts canonical url" file="Seo Health Check Crawler (Tests\Unit\Crawlers\SeoHealthCheckCrawler)::Extracts canonical url" class="Tests\Unit\Crawlers\SeoHealthCheckCrawlerTest" classname="Tests.Unit.Crawlers.SeoHealthCheckCrawlerTest" assertions="1" time="0.158597"/>
        <testcase name="Tracks response time" file="Seo Health Check Crawler (Tests\Unit\Crawlers\SeoHealthCheckCrawler)::Tracks response time" class="Tests\Unit\Crawlers\SeoHealthCheckCrawlerTest" classname="Tests.Unit.Crawlers.SeoHealthCheckCrawlerTest" assertions="1" time="0.158087"/>
        <testcase name="Truncates large html content" file="Seo Health Check Crawler (Tests\Unit\Crawlers\SeoHealthCheckCrawler)::Truncates large html content" class="Tests\Unit\Crawlers\SeoHealthCheckCrawlerTest" classname="Tests.Unit.Crawlers.SeoHealthCheckCrawlerTest" assertions="2" time="0.163604"/>
        <testcase name="Respects max urls limit" file="Seo Health Check Crawler (Tests\Unit\Crawlers\SeoHealthCheckCrawler)::Respects max urls limit" class="Tests\Unit\Crawlers\SeoHealthCheckCrawlerTest" classname="Tests.Unit.Crawlers.SeoHealthCheckCrawlerTest" assertions="2" time="0.921684"/>
        <testcase name="Populates computed columns on completion" file="Seo Health Check Crawler (Tests\Unit\Crawlers\SeoHealthCheckCrawler)::Populates computed columns on completion" class="Tests\Unit\Crawlers\SeoHealthCheckCrawlerTest" classname="Tests.Unit.Crawlers.SeoHealthCheckCrawlerTest" assertions="1" time="0.182292"/>
        <testcase name="Counts images on page" file="Seo Health Check Crawler (Tests\Unit\Crawlers\SeoHealthCheckCrawler)::Counts images on page" class="Tests\Unit\Crawlers\SeoHealthCheckCrawlerTest" classname="Tests.Unit.Crawlers.SeoHealthCheckCrawlerTest" assertions="1" time="0.155693"/>
        <testcase name="Handles empty response body" file="Seo Health Check Crawler (Tests\Unit\Crawlers\SeoHealthCheckCrawler)::Handles empty response body" class="Tests\Unit\Crawlers\SeoHealthCheckCrawlerTest" classname="Tests.Unit.Crawlers.SeoHealthCheckCrawlerTest" assertions="1" time="0.157667"/>
      </testsuite>
      <testsuite name="Tests\Unit\Crawlers\WebsiteOutboundLinkCrawlerTest" file="Website Outbound Link Crawler (Tests\Unit\Crawlers\WebsiteOutboundLinkCrawler)" tests="12" assertions="19" errors="0" failures="0" skipped="0" time="1.854515">
        <testcase name="Crawled stores outbound link" file="Website Outbound Link Crawler (Tests\Unit\Crawlers\WebsiteOutboundLinkCrawler)::Crawled stores outbound link" class="Tests\Unit\Crawlers\WebsiteOutboundLinkCrawlerTest" classname="Tests.Unit.Crawlers.WebsiteOutboundLinkCrawlerTest" assertions="1" time="0.171205"/>
        <testcase name="Crawled ignores internal links" file="Website Outbound Link Crawler (Tests\Unit\Crawlers\WebsiteOutboundLinkCrawler)::Crawled ignores internal links" class="Tests\Unit\Crawlers\WebsiteOutboundLinkCrawlerTest" classname="Tests.Unit.Crawlers.WebsiteOutboundLinkCrawlerTest" assertions="1" time="0.152890"/>
        <testcase name="Crawled handles null found on url" file="Website Outbound Link Crawler (Tests\Unit\Crawlers\WebsiteOutboundLinkCrawler)::Crawled handles null found on url" class="Tests\Unit\Crawlers\WebsiteOutboundLinkCrawlerTest" classname="Tests.Unit.Crawlers.WebsiteOutboundLinkCrawlerTest" assertions="1" time="0.151315"/>
        <testcase name="Finished crawling updates website timestamp" file="Website Outbound Link Crawler (Tests\Unit\Crawlers\WebsiteOutboundLinkCrawler)::Finished crawling updates website timestamp" class="Tests\Unit\Crawlers\WebsiteOutboundLinkCrawlerTest" classname="Tests.Unit.Crawlers.WebsiteOutboundLinkCrawlerTest" assertions="1" time="0.155160"/>
        <testcase name="Sends email notification for 404 errors" file="Website Outbound Link Crawler (Tests\Unit\Crawlers\WebsiteOutboundLinkCrawler)::Sends email notification for 404 errors" class="Tests\Unit\Crawlers\WebsiteOutboundLinkCrawlerTest" classname="Tests.Unit.Crawlers.WebsiteOutboundLinkCrawlerTest" assertions="1" time="0.153103"/>
        <testcase name="Sends email notification for 500 errors" file="Website Outbound Link Crawler (Tests\Unit\Crawlers\WebsiteOutboundLinkCrawler)::Sends email notification for 500 errors" class="Tests\Unit\Crawlers\WebsiteOutboundLinkCrawlerTest" classname="Tests.Unit.Crawlers.WebsiteOutboundLinkCrawlerTest" assertions="1" time="0.151647"/>
        <testcase name="Does not send email for 200 response" file="Website Outbound Link Crawler (Tests\Unit\Crawlers\WebsiteOutboundLinkCrawler)::Does not send email for 200 response" class="Tests\Unit\Crawlers\WebsiteOutboundLinkCrawlerTest" classname="Tests.Unit.Crawlers.WebsiteOutboundLinkCrawlerTest" assertions="1" time="0.152592"/>
        <testcase name="Stores multiple outbound links" file="Website Outbound Link Crawler (Tests\Unit\Crawlers\WebsiteOutboundLinkCrawler)::Stores multiple outbound links" class="Tests\Unit\Crawlers\WebsiteOutboundLinkCrawlerTest" classname="Tests.Unit.Crawlers.WebsiteOutboundLinkCrawlerTest" assertions="3" time="0.148305"/>
        <testcase name="Handles subdomain as external link" file="Website Outbound Link Crawler (Tests\Unit\Crawlers\WebsiteOutboundLinkCrawler)::Handles subdomain as external link" class="Tests\Unit\Crawlers\WebsiteOutboundLinkCrawlerTest" classname="Tests.Unit.Crawlers.WebsiteOutboundLinkCrawlerTest" assertions="1" time="0.150351"/>
        <testcase name="Stores correct http status codes" file="Website Outbound Link Crawler (Tests\Unit\Crawlers\WebsiteOutboundLinkCrawler)::Stores correct http status codes" class="Tests\Unit\Crawlers\WebsiteOutboundLinkCrawlerTest" classname="Tests.Unit.Crawlers.WebsiteOutboundLinkCrawlerTest" assertions="6" time="0.166232"/>
        <testcase name="Will crawl does nothing" file="Website Outbound Link Crawler (Tests\Unit\Crawlers\WebsiteOutboundLinkCrawler)::Will crawl does nothing" class="Tests\Unit\Crawlers\WebsiteOutboundLinkCrawlerTest" classname="Tests.Unit.Crawlers.WebsiteOutboundLinkCrawlerTest" assertions="1" time="0.152611"/>
        <testcase name="Crawl failed does nothing" file="Website Outbound Link Crawler (Tests\Unit\Crawlers\WebsiteOutboundLinkCrawler)::Crawl failed does nothing" class="Tests\Unit\Crawlers\WebsiteOutboundLinkCrawlerTest" classname="Tests.Unit.Crawlers.WebsiteOutboundLinkCrawlerTest" assertions="1" time="0.149102"/>
      </testsuite>
      <testsuite name="Tests\Unit\Enums\NavigationGroupTest" file="Navigation Group (Tests\Unit\Enums\NavigationGroup)" tests="7" assertions="34" errors="0" failures="0" skipped="0" time="1.029226">
        <testcase name="It has all expected cases" file="Navigation Group (Tests\Unit\Enums\NavigationGroup)::It has all expected cases" class="Tests\Unit\Enums\NavigationGroupTest" classname="Tests.Unit.Enums.NavigationGroupTest" assertions="1" time="0.149544"/>
        <testcase name="It contains all expected case instances" file="Navigation Group (Tests\Unit\Enums\NavigationGroup)::It contains all expected case instances" class="Tests\Unit\Enums\NavigationGroupTest" classname="Tests.Unit.Enums.NavigationGroupTest" assertions="9" time="0.144840"/>
        <testcase name="It has correct values for all cases" file="Navigation Group (Tests\Unit\Enums\NavigationGroup)::It has correct values for all cases" class="Tests\Unit\Enums\NavigationGroupTest" classname="Tests.Unit.Enums.NavigationGroupTest" assertions="9" time="0.144162"/>
        <testcase name="It can be serialized to string" file="Navigation Group (Tests\Unit\Enums\NavigationGroup)::It can be serialized to string" class="Tests\Unit\Enums\NavigationGroupTest" classname="Tests.Unit.Enums.NavigationGroupTest" assertions="3" time="0.146656"/>
        <testcase name="It can be instantiated from value" file="Navigation Group (Tests\Unit\Enums\NavigationGroup)::It can be instantiated from value" class="Tests\Unit\Enums\NavigationGroupTest" classname="Tests.Unit.Enums.NavigationGroupTest" assertions="9" time="0.145228"/>
        <testcase name="It returns null for invalid value with try from" file="Navigation Group (Tests\Unit\Enums\NavigationGroup)::It returns null for invalid value with try from" class="Tests\Unit\Enums\NavigationGroupTest" classname="Tests.Unit.Enums.NavigationGroupTest" assertions="1" time="0.149953"/>
        <testcase name="It can be compared with equality" file="Navigation Group (Tests\Unit\Enums\NavigationGroup)::It can be compared with equality" class="Tests\Unit\Enums\NavigationGroupTest" classname="Tests.Unit.Enums.NavigationGroupTest" assertions="2" time="0.148842"/>
      </testsuite>
      <testsuite name="Tests\Unit\Enums\NavigationIconTest" file="Navigation Icon (Tests\Unit\Enums\NavigationIcon)" tests="8" assertions="46" errors="0" failures="0" skipped="0" time="1.164437">
        <testcase name="It has all expected cases" file="Navigation Icon (Tests\Unit\Enums\NavigationIcon)::It has all expected cases" class="Tests\Unit\Enums\NavigationIconTest" classname="Tests.Unit.Enums.NavigationIconTest" assertions="1" time="0.146519"/>
        <testcase name="It contains all expected case instances" file="Navigation Icon (Tests\Unit\Enums\NavigationIcon)::It contains all expected case instances" class="Tests\Unit\Enums\NavigationIconTest" classname="Tests.Unit.Enums.NavigationIconTest" assertions="11" time="0.140619"/>
        <testcase name="It has correct heroicon values for all cases" file="Navigation Icon (Tests\Unit\Enums\NavigationIcon)::It has correct heroicon values for all cases" class="Tests\Unit\Enums\NavigationIconTest" classname="Tests.Unit.Enums.NavigationIconTest" assertions="11" time="0.143683"/>
        <testcase name="All icons follow heroicon naming convention" file="Navigation Icon (Tests\Unit\Enums\NavigationIcon)::All icons follow heroicon naming convention" class="Tests\Unit\Enums\NavigationIconTest" classname="Tests.Unit.Enums.NavigationIconTest" assertions="11" time="0.148161"/>
        <testcase name="It can be serialized to string" file="Navigation Icon (Tests\Unit\Enums\NavigationIcon)::It can be serialized to string" class="Tests\Unit\Enums\NavigationIconTest" classname="Tests.Unit.Enums.NavigationIconTest" assertions="3" time="0.147436"/>
        <testcase name="It can be instantiated from value" file="Navigation Icon (Tests\Unit\Enums\NavigationIcon)::It can be instantiated from value" class="Tests\Unit\Enums\NavigationIconTest" classname="Tests.Unit.Enums.NavigationIconTest" assertions="5" time="0.145423"/>
        <testcase name="It returns null for invalid value with try from" file="Navigation Icon (Tests\Unit\Enums\NavigationIcon)::It returns null for invalid value with try from" class="Tests\Unit\Enums\NavigationIconTest" classname="Tests.Unit.Enums.NavigationIconTest" assertions="2" time="0.143479"/>
        <testcase name="It can be compared with equality" file="Navigation Icon (Tests\Unit\Enums\NavigationIcon)::It can be compared with equality" class="Tests\Unit\Enums\NavigationIconTest" classname="Tests.Unit.Enums.NavigationIconTest" assertions="2" time="0.149118"/>
      </testsuite>
      <testsuite name="Tests\Unit\Enums\NotificationChannelTypesEnumTest" file="Notification Channel Types Enum (Tests\Unit\Enums\NotificationChannelTypesEnum)" tests="13" assertions="29" errors="0" failures="0" skipped="0" time="2.002274">
        <testcase name="It has all expected cases" file="Notification Channel Types Enum (Tests\Unit\Enums\NotificationChannelTypesEnum)::It has all expected cases" class="Tests\Unit\Enums\NotificationChannelTypesEnumTest" classname="Tests.Unit.Enums.NotificationChannelTypesEnumTest" assertions="1" time="0.151366"/>
        <testcase name="It contains all expected case instances" file="Notification Channel Types Enum (Tests\Unit\Enums\NotificationChannelTypesEnum)::It contains all expected case instances" class="Tests\Unit\Enums\NotificationChannelTypesEnumTest" classname="Tests.Unit.Enums.NotificationChannelTypesEnumTest" assertions="2" time="0.171388"/>
        <testcase name="It has correct values for all cases" file="Notification Channel Types Enum (Tests\Unit\Enums\NotificationChannelTypesEnum)::It has correct values for all cases" class="Tests\Unit\Enums\NotificationChannelTypesEnumTest" classname="Tests.Unit.Enums.NotificationChannelTypesEnumTest" assertions="2" time="0.146485"/>
        <testcase name="It returns correct labels" file="Notification Channel Types Enum (Tests\Unit\Enums\NotificationChannelTypesEnum)::It returns correct labels" class="Tests\Unit\Enums\NotificationChannelTypesEnumTest" classname="Tests.Unit.Enums.NotificationChannelTypesEnumTest" assertions="2" time="0.185456"/>
        <testcase name="Label method uses match expression" file="Notification Channel Types Enum (Tests\Unit\Enums\NotificationChannelTypesEnum)::Label method uses match expression" class="Tests\Unit\Enums\NotificationChannelTypesEnumTest" classname="Tests.Unit.Enums.NotificationChannelTypesEnumTest" assertions="2" time="0.172780"/>
        <testcase name="Keys method returns array of case names" file="Notification Channel Types Enum (Tests\Unit\Enums\NotificationChannelTypesEnum)::Keys method returns array of case names" class="Tests\Unit\Enums\NotificationChannelTypesEnumTest" classname="Tests.Unit.Enums.NotificationChannelTypesEnumTest" assertions="4" time="0.144481"/>
        <testcase name="To array returns associative array of values and labels" file="Notification Channel Types Enum (Tests\Unit\Enums\NotificationChannelTypesEnum)::To array returns associative array of values and labels" class="Tests\Unit\Enums\NotificationChannelTypesEnumTest" classname="Tests.Unit.Enums.NotificationChannelTypesEnumTest" assertions="3" time="0.146424"/>
        <testcase name="To array keys match enum values" file="Notification Channel Types Enum (Tests\Unit\Enums\NotificationChannelTypesEnum)::To array keys match enum values" class="Tests\Unit\Enums\NotificationChannelTypesEnumTest" classname="Tests.Unit.Enums.NotificationChannelTypesEnumTest" assertions="2" time="0.146570"/>
        <testcase name="To array values match labels" file="Notification Channel Types Enum (Tests\Unit\Enums\NotificationChannelTypesEnum)::To array values match labels" class="Tests\Unit\Enums\NotificationChannelTypesEnumTest" classname="Tests.Unit.Enums.NotificationChannelTypesEnumTest" assertions="2" time="0.146464"/>
        <testcase name="It can be serialized to string" file="Notification Channel Types Enum (Tests\Unit\Enums\NotificationChannelTypesEnum)::It can be serialized to string" class="Tests\Unit\Enums\NotificationChannelTypesEnumTest" classname="Tests.Unit.Enums.NotificationChannelTypesEnumTest" assertions="2" time="0.151938"/>
        <testcase name="It can be instantiated from value" file="Notification Channel Types Enum (Tests\Unit\Enums\NotificationChannelTypesEnum)::It can be instantiated from value" class="Tests\Unit\Enums\NotificationChannelTypesEnumTest" classname="Tests.Unit.Enums.NotificationChannelTypesEnumTest" assertions="2" time="0.144350"/>
        <testcase name="It returns null for invalid value with try from" file="Notification Channel Types Enum (Tests\Unit\Enums\NotificationChannelTypesEnum)::It returns null for invalid value with try from" class="Tests\Unit\Enums\NotificationChannelTypesEnumTest" classname="Tests.Unit.Enums.NotificationChannelTypesEnumTest" assertions="3" time="0.145967"/>
        <testcase name="It can be compared with equality" file="Notification Channel Types Enum (Tests\Unit\Enums\NotificationChannelTypesEnum)::It can be compared with equality" class="Tests\Unit\Enums\NotificationChannelTypesEnumTest" classname="Tests.Unit.Enums.NotificationChannelTypesEnumTest" assertions="2" time="0.148605"/>
      </testsuite>
      <testsuite name="Tests\Unit\Enums\NotificationScopesEnumTest" file="Notification Scopes Enum (Tests\Unit\Enums\NotificationScopesEnum)" tests="13" assertions="28" errors="0" failures="0" skipped="0" time="1.910493">
        <testcase name="It has all expected cases" file="Notification Scopes Enum (Tests\Unit\Enums\NotificationScopesEnum)::It has all expected cases" class="Tests\Unit\Enums\NotificationScopesEnumTest" classname="Tests.Unit.Enums.NotificationScopesEnumTest" assertions="1" time="0.153445"/>
        <testcase name="It contains all expected case instances" file="Notification Scopes Enum (Tests\Unit\Enums\NotificationScopesEnum)::It contains all expected case instances" class="Tests\Unit\Enums\NotificationScopesEnumTest" classname="Tests.Unit.Enums.NotificationScopesEnumTest" assertions="2" time="0.147937"/>
        <testcase name="It has correct values for all cases" file="Notification Scopes Enum (Tests\Unit\Enums\NotificationScopesEnum)::It has correct values for all cases" class="Tests\Unit\Enums\NotificationScopesEnumTest" classname="Tests.Unit.Enums.NotificationScopesEnumTest" assertions="2" time="0.146814"/>
        <testcase name="It returns correct labels" file="Notification Scopes Enum (Tests\Unit\Enums\NotificationScopesEnum)::It returns correct labels" class="Tests\Unit\Enums\NotificationScopesEnumTest" classname="Tests.Unit.Enums.NotificationScopesEnumTest" assertions="2" time="0.147341"/>
        <testcase name="Label method returns capitalized lowercase value" file="Notification Scopes Enum (Tests\Unit\Enums\NotificationScopesEnum)::Label method returns capitalized lowercase value" class="Tests\Unit\Enums\NotificationScopesEnumTest" classname="Tests.Unit.Enums.NotificationScopesEnumTest" assertions="2" time="0.147643"/>
        <testcase name="Keys method returns array of case names" file="Notification Scopes Enum (Tests\Unit\Enums\NotificationScopesEnum)::Keys method returns array of case names" class="Tests\Unit\Enums\NotificationScopesEnumTest" classname="Tests.Unit.Enums.NotificationScopesEnumTest" assertions="4" time="0.147602"/>
        <testcase name="To array returns associative array of values and labels" file="Notification Scopes Enum (Tests\Unit\Enums\NotificationScopesEnum)::To array returns associative array of values and labels" class="Tests\Unit\Enums\NotificationScopesEnumTest" classname="Tests.Unit.Enums.NotificationScopesEnumTest" assertions="3" time="0.143282"/>
        <testcase name="To array keys match enum values" file="Notification Scopes Enum (Tests\Unit\Enums\NotificationScopesEnum)::To array keys match enum values" class="Tests\Unit\Enums\NotificationScopesEnumTest" classname="Tests.Unit.Enums.NotificationScopesEnumTest" assertions="2" time="0.145125"/>
        <testcase name="To array values match labels" file="Notification Scopes Enum (Tests\Unit\Enums\NotificationScopesEnum)::To array values match labels" class="Tests\Unit\Enums\NotificationScopesEnumTest" classname="Tests.Unit.Enums.NotificationScopesEnumTest" assertions="2" time="0.144362"/>
        <testcase name="It can be serialized to string" file="Notification Scopes Enum (Tests\Unit\Enums\NotificationScopesEnum)::It can be serialized to string" class="Tests\Unit\Enums\NotificationScopesEnumTest" classname="Tests.Unit.Enums.NotificationScopesEnumTest" assertions="2" time="0.147006"/>
        <testcase name="It can be instantiated from value" file="Notification Scopes Enum (Tests\Unit\Enums\NotificationScopesEnum)::It can be instantiated from value" class="Tests\Unit\Enums\NotificationScopesEnumTest" classname="Tests.Unit.Enums.NotificationScopesEnumTest" assertions="2" time="0.142267"/>
        <testcase name="It returns null for invalid value with try from" file="Notification Scopes Enum (Tests\Unit\Enums\NotificationScopesEnum)::It returns null for invalid value with try from" class="Tests\Unit\Enums\NotificationScopesEnumTest" classname="Tests.Unit.Enums.NotificationScopesEnumTest" assertions="2" time="0.151819"/>
        <testcase name="It can be compared with equality" file="Notification Scopes Enum (Tests\Unit\Enums\NotificationScopesEnum)::It can be compared with equality" class="Tests\Unit\Enums\NotificationScopesEnumTest" classname="Tests.Unit.Enums.NotificationScopesEnumTest" assertions="2" time="0.145851"/>
      </testsuite>
      <testsuite name="Tests\Unit\Enums\SeoIssueSeverityTest" file="Seo Issue Severity (Tests\Unit\Enums\SeoIssueSeverity)" tests="12" assertions="29" errors="0" failures="0" skipped="0" time="1.783526">
        <testcase name="It has all expected cases" file="Seo Issue Severity (Tests\Unit\Enums\SeoIssueSeverity)::It has all expected cases" class="Tests\Unit\Enums\SeoIssueSeverityTest" classname="Tests.Unit.Enums.SeoIssueSeverityTest" assertions="1" time="0.152748"/>
        <testcase name="It contains all expected case instances" file="Seo Issue Severity (Tests\Unit\Enums\SeoIssueSeverity)::It contains all expected case instances" class="Tests\Unit\Enums\SeoIssueSeverityTest" classname="Tests.Unit.Enums.SeoIssueSeverityTest" assertions="3" time="0.150224"/>
        <testcase name="It has correct values for all cases" file="Seo Issue Severity (Tests\Unit\Enums\SeoIssueSeverity)::It has correct values for all cases" class="Tests\Unit\Enums\SeoIssueSeverityTest" classname="Tests.Unit.Enums.SeoIssueSeverityTest" assertions="3" time="0.147297"/>
        <testcase name="It returns correct labels" file="Seo Issue Severity (Tests\Unit\Enums\SeoIssueSeverity)::It returns correct labels" class="Tests\Unit\Enums\SeoIssueSeverityTest" classname="Tests.Unit.Enums.SeoIssueSeverityTest" assertions="3" time="0.147720"/>
        <testcase name="It returns correct colors" file="Seo Issue Severity (Tests\Unit\Enums\SeoIssueSeverity)::It returns correct colors" class="Tests\Unit\Enums\SeoIssueSeverityTest" classname="Tests.Unit.Enums.SeoIssueSeverityTest" assertions="3" time="0.145769"/>
        <testcase name="It returns correct priorities" file="Seo Issue Severity (Tests\Unit\Enums\SeoIssueSeverity)::It returns correct priorities" class="Tests\Unit\Enums\SeoIssueSeverityTest" classname="Tests.Unit.Enums.SeoIssueSeverityTest" assertions="3" time="0.152061"/>
        <testcase name="Error has highest priority" file="Seo Issue Severity (Tests\Unit\Enums\SeoIssueSeverity)::Error has highest priority" class="Tests\Unit\Enums\SeoIssueSeverityTest" classname="Tests.Unit.Enums.SeoIssueSeverityTest" assertions="2" time="0.151615"/>
        <testcase name="It can be serialized to string" file="Seo Issue Severity (Tests\Unit\Enums\SeoIssueSeverity)::It can be serialized to string" class="Tests\Unit\Enums\SeoIssueSeverityTest" classname="Tests.Unit.Enums.SeoIssueSeverityTest" assertions="3" time="0.143632"/>
        <testcase name="It can be instantiated from value" file="Seo Issue Severity (Tests\Unit\Enums\SeoIssueSeverity)::It can be instantiated from value" class="Tests\Unit\Enums\SeoIssueSeverityTest" classname="Tests.Unit.Enums.SeoIssueSeverityTest" assertions="3" time="0.146924"/>
        <testcase name="It returns null for invalid value with try from" file="Seo Issue Severity (Tests\Unit\Enums\SeoIssueSeverity)::It returns null for invalid value with try from" class="Tests\Unit\Enums\SeoIssueSeverityTest" classname="Tests.Unit.Enums.SeoIssueSeverityTest" assertions="2" time="0.149184"/>
        <testcase name="It can be compared with equality" file="Seo Issue Severity (Tests\Unit\Enums\SeoIssueSeverity)::It can be compared with equality" class="Tests\Unit\Enums\SeoIssueSeverityTest" classname="Tests.Unit.Enums.SeoIssueSeverityTest" assertions="2" time="0.148722"/>
        <testcase name="All severity levels have unique priorities" file="Seo Issue Severity (Tests\Unit\Enums\SeoIssueSeverity)::All severity levels have unique priorities" class="Tests\Unit\Enums\SeoIssueSeverityTest" classname="Tests.Unit.Enums.SeoIssueSeverityTest" assertions="1" time="0.147629"/>
      </testsuite>
      <testsuite name="Tests\Unit\Enums\WebhookHttpMethodTest" file="Webhook Http Method (Tests\Unit\Enums\WebhookHttpMethod)" tests="9" assertions="20" errors="0" failures="0" skipped="0" time="1.325258">
        <testcase name="It has all expected cases" file="Webhook Http Method (Tests\Unit\Enums\WebhookHttpMethod)::It has all expected cases" class="Tests\Unit\Enums\WebhookHttpMethodTest" classname="Tests.Unit.Enums.WebhookHttpMethodTest" assertions="1" time="0.153782"/>
        <testcase name="It contains all expected case instances" file="Webhook Http Method (Tests\Unit\Enums\WebhookHttpMethod)::It contains all expected case instances" class="Tests\Unit\Enums\WebhookHttpMethodTest" classname="Tests.Unit.Enums.WebhookHttpMethodTest" assertions="2" time="0.152763"/>
        <testcase name="It has correct values for all cases" file="Webhook Http Method (Tests\Unit\Enums\WebhookHttpMethod)::It has correct values for all cases" class="Tests\Unit\Enums\WebhookHttpMethodTest" classname="Tests.Unit.Enums.WebhookHttpMethodTest" assertions="2" time="0.149427"/>
        <testcase name="All values are uppercase" file="Webhook Http Method (Tests\Unit\Enums\WebhookHttpMethod)::All values are uppercase" class="Tests\Unit\Enums\WebhookHttpMethodTest" classname="Tests.Unit.Enums.WebhookHttpMethodTest" assertions="2" time="0.144616"/>
        <testcase name="It can be serialized to string" file="Webhook Http Method (Tests\Unit\Enums\WebhookHttpMethod)::It can be serialized to string" class="Tests\Unit\Enums\WebhookHttpMethodTest" classname="Tests.Unit.Enums.WebhookHttpMethodTest" assertions="2" time="0.143230"/>
        <testcase name="It can be instantiated from value" file="Webhook Http Method (Tests\Unit\Enums\WebhookHttpMethod)::It can be instantiated from value" class="Tests\Unit\Enums\WebhookHttpMethodTest" classname="Tests.Unit.Enums.WebhookHttpMethodTest" assertions="2" time="0.146353"/>
        <testcase name="It returns null for invalid value with try from" file="Webhook Http Method (Tests\Unit\Enums\WebhookHttpMethod)::It returns null for invalid value with try from" class="Tests\Unit\Enums\WebhookHttpMethodTest" classname="Tests.Unit.Enums.WebhookHttpMethodTest" assertions="3" time="0.143192"/>
        <testcase name="It is case sensitive" file="Webhook Http Method (Tests\Unit\Enums\WebhookHttpMethod)::It is case sensitive" class="Tests\Unit\Enums\WebhookHttpMethodTest" classname="Tests.Unit.Enums.WebhookHttpMethodTest" assertions="4" time="0.145368"/>
        <testcase name="It can be compared with equality" file="Webhook Http Method (Tests\Unit\Enums\WebhookHttpMethod)::It can be compared with equality" class="Tests\Unit\Enums\WebhookHttpMethodTest" classname="Tests.Unit.Enums.WebhookHttpMethodTest" assertions="2" time="0.146528"/>
      </testsuite>
      <testsuite name="Tests\Unit\Enums\WebsiteServicesEnumTest" file="Website Services Enum (Tests\Unit\Enums\WebsiteServicesEnum)" tests="12" assertions="34" errors="0" failures="0" skipped="0" time="1.884332">
        <testcase name="It has all expected cases" file="Website Services Enum (Tests\Unit\Enums\WebsiteServicesEnum)::It has all expected cases" class="Tests\Unit\Enums\WebsiteServicesEnumTest" classname="Tests.Unit.Enums.WebsiteServicesEnumTest" assertions="1" time="0.157070"/>
        <testcase name="It contains all expected case instances" file="Website Services Enum (Tests\Unit\Enums\WebsiteServicesEnum)::It contains all expected case instances" class="Tests\Unit\Enums\WebsiteServicesEnumTest" classname="Tests.Unit.Enums.WebsiteServicesEnumTest" assertions="3" time="0.145155"/>
        <testcase name="It has correct values for all cases" file="Website Services Enum (Tests\Unit\Enums\WebsiteServicesEnum)::It has correct values for all cases" class="Tests\Unit\Enums\WebsiteServicesEnumTest" classname="Tests.Unit.Enums.WebsiteServicesEnumTest" assertions="3" time="0.214721"/>
        <testcase name="It returns correct labels" file="Website Services Enum (Tests\Unit\Enums\WebsiteServicesEnum)::It returns correct labels" class="Tests\Unit\Enums\WebsiteServicesEnumTest" classname="Tests.Unit.Enums.WebsiteServicesEnumTest" assertions="3" time="0.166872"/>
        <testcase name="Keys method returns array of case names" file="Website Services Enum (Tests\Unit\Enums\WebsiteServicesEnum)::Keys method returns array of case names" class="Tests\Unit\Enums\WebsiteServicesEnumTest" classname="Tests.Unit.Enums.WebsiteServicesEnumTest" assertions="5" time="0.144367"/>
        <testcase name="To array returns associative array of values and labels" file="Website Services Enum (Tests\Unit\Enums\WebsiteServicesEnum)::To array returns associative array of values and labels" class="Tests\Unit\Enums\WebsiteServicesEnumTest" classname="Tests.Unit.Enums.WebsiteServicesEnumTest" assertions="3" time="0.144854"/>
        <testcase name="To array keys match enum values" file="Website Services Enum (Tests\Unit\Enums\WebsiteServicesEnum)::To array keys match enum values" class="Tests\Unit\Enums\WebsiteServicesEnumTest" classname="Tests.Unit.Enums.WebsiteServicesEnumTest" assertions="3" time="0.143422"/>
        <testcase name="To array values match labels" file="Website Services Enum (Tests\Unit\Enums\WebsiteServicesEnum)::To array values match labels" class="Tests\Unit\Enums\WebsiteServicesEnumTest" classname="Tests.Unit.Enums.WebsiteServicesEnumTest" assertions="3" time="0.147718"/>
        <testcase name="It can be serialized to string" file="Website Services Enum (Tests\Unit\Enums\WebsiteServicesEnum)::It can be serialized to string" class="Tests\Unit\Enums\WebsiteServicesEnumTest" classname="Tests.Unit.Enums.WebsiteServicesEnumTest" assertions="3" time="0.183185"/>
        <testcase name="It can be instantiated from value" file="Website Services Enum (Tests\Unit\Enums\WebsiteServicesEnum)::It can be instantiated from value" class="Tests\Unit\Enums\WebsiteServicesEnumTest" classname="Tests.Unit.Enums.WebsiteServicesEnumTest" assertions="3" time="0.148784"/>
        <testcase name="It returns null for invalid value with try from" file="Website Services Enum (Tests\Unit\Enums\WebsiteServicesEnum)::It returns null for invalid value with try from" class="Tests\Unit\Enums\WebsiteServicesEnumTest" classname="Tests.Unit.Enums.WebsiteServicesEnumTest" assertions="2" time="0.143905"/>
        <testcase name="It can be compared with equality" file="Website Services Enum (Tests\Unit\Enums\WebsiteServicesEnum)::It can be compared with equality" class="Tests\Unit\Enums\WebsiteServicesEnumTest" classname="Tests.Unit.Enums.WebsiteServicesEnumTest" assertions="2" time="0.144279"/>
      </testsuite>
      <testsuite name="Tests\Unit\ExampleTest" file="Example (Tests\Unit\Example)" tests="1" assertions="1" errors="0" failures="0" skipped="0" time="0.007822">
        <testcase name="That true is true" file="Example (Tests\Unit\Example)::That true is true" class="Tests\Unit\ExampleTest" classname="Tests.Unit.ExampleTest" assertions="1" time="0.007822"/>
      </testsuite>
      <testsuite name="Tests\Unit\Jobs\CheckSslExpiryDateJobTest" file="Check Ssl Expiry Date Job (Tests\Unit\Jobs\CheckSslExpiryDateJob)" tests="4" assertions="4" errors="0" failures="0" skipped="0" time="4.112970">
        <testcase name="Job checks ssl expiry for website" file="Check Ssl Expiry Date Job (Tests\Unit\Jobs\CheckSslExpiryDateJob)::Job checks ssl expiry for website" class="Tests\Unit\Jobs\CheckSslExpiryDateJobTest" classname="Tests.Unit.Jobs.CheckSslExpiryDateJobTest" assertions="1" time="0.721395"/>
        <testcase name="Job skips websites with ssl check disabled" file="Check Ssl Expiry Date Job (Tests\Unit\Jobs\CheckSslExpiryDateJob)::Job skips websites with ssl check disabled" class="Tests\Unit\Jobs\CheckSslExpiryDateJobTest" classname="Tests.Unit.Jobs.CheckSslExpiryDateJobTest" assertions="1" time="0.650295"/>
        <testcase name="Job sends notification when ssl expiry approaching" file="Check Ssl Expiry Date Job (Tests\Unit\Jobs\CheckSslExpiryDateJob)::Job sends notification when ssl expiry approaching" class="Tests\Unit\Jobs\CheckSslExpiryDateJobTest" classname="Tests.Unit.Jobs.CheckSslExpiryDateJobTest" assertions="1" time="1.947370"/>
        <testcase name="Job handles websites without ssl" file="Check Ssl Expiry Date Job (Tests\Unit\Jobs\CheckSslExpiryDateJob)::Job handles websites without ssl" class="Tests\Unit\Jobs\CheckSslExpiryDateJobTest" classname="Tests.Unit.Jobs.CheckSslExpiryDateJobTest" assertions="1" time="0.793910"/>
      </testsuite>
      <testsuite name="Tests\Unit\Jobs\LogUptimeSslJobTest" file="Log Uptime Ssl Job (Tests\Unit\Jobs\LogUptimeSslJob)" tests="4" assertions="7" errors="0" failures="0" skipped="0" time="3.414328">
        <testcase name="Job creates log history for successful check" file="Log Uptime Ssl Job (Tests\Unit\Jobs\LogUptimeSslJob)::Job creates log history for successful check" class="Tests\Unit\Jobs\LogUptimeSslJobTest" classname="Tests.Unit.Jobs.LogUptimeSslJobTest" assertions="1" time="0.682256"/>
        <testcase name="Job records response time" file="Log Uptime Ssl Job (Tests\Unit\Jobs\LogUptimeSslJob)::Job records response time" class="Tests\Unit\Jobs\LogUptimeSslJobTest" classname="Tests.Unit.Jobs.LogUptimeSslJobTest" assertions="4" time="0.742124"/>
        <testcase name="Job handles failed requests" file="Log Uptime Ssl Job (Tests\Unit\Jobs\LogUptimeSslJob)::Job handles failed requests" class="Tests\Unit\Jobs\LogUptimeSslJobTest" classname="Tests.Unit.Jobs.LogUptimeSslJobTest" assertions="1" time="1.835727"/>
        <testcase name="Job skips websites with uptime check disabled" file="Log Uptime Ssl Job (Tests\Unit\Jobs\LogUptimeSslJob)::Job skips websites with uptime check disabled" class="Tests\Unit\Jobs\LogUptimeSslJobTest" classname="Tests.Unit.Jobs.LogUptimeSslJobTest" assertions="1" time="0.154221"/>
      </testsuite>
      <testsuite name="Tests\Unit\Jobs\SeoHealthCheckJobTest" file="Seo Health Check Job (Tests\Unit\Jobs\SeoHealthCheckJob)" tests="16" assertions="19" errors="0" failures="0" skipped="0" time="2.471490">
        <testcase name="Job can be instantiated with seo check" file="Seo Health Check Job (Tests\Unit\Jobs\SeoHealthCheckJob)::Job can be instantiated with seo check" class="Tests\Unit\Jobs\SeoHealthCheckJobTest" classname="Tests.Unit.Jobs.SeoHealthCheckJobTest" assertions="1" time="0.156726"/>
        <testcase name="Job can be instantiated with crawlable urls" file="Seo Health Check Job (Tests\Unit\Jobs\SeoHealthCheckJob)::Job can be instantiated with crawlable urls" class="Tests\Unit\Jobs\SeoHealthCheckJobTest" classname="Tests.Unit.Jobs.SeoHealthCheckJobTest" assertions="1" time="0.148991"/>
        <testcase name="Job implements should queue" file="Seo Health Check Job (Tests\Unit\Jobs\SeoHealthCheckJob)::Job implements should queue" class="Tests\Unit\Jobs\SeoHealthCheckJobTest" classname="Tests.Unit.Jobs.SeoHealthCheckJobTest" assertions="1" time="0.150245"/>
        <testcase name="Job has correct timeout" file="Seo Health Check Job (Tests\Unit\Jobs\SeoHealthCheckJob)::Job has correct timeout" class="Tests\Unit\Jobs\SeoHealthCheckJobTest" classname="Tests.Unit.Jobs.SeoHealthCheckJobTest" assertions="1" time="0.158385"/>
        <testcase name="Job has correct tries" file="Seo Health Check Job (Tests\Unit\Jobs\SeoHealthCheckJob)::Job has correct tries" class="Tests\Unit\Jobs\SeoHealthCheckJobTest" classname="Tests.Unit.Jobs.SeoHealthCheckJobTest" assertions="1" time="0.150956"/>
        <testcase name="Job can be dispatched to queue" file="Seo Health Check Job (Tests\Unit\Jobs\SeoHealthCheckJob)::Job can be dispatched to queue" class="Tests\Unit\Jobs\SeoHealthCheckJobTest" classname="Tests.Unit.Jobs.SeoHealthCheckJobTest" assertions="1" time="0.149285"/>
        <testcase name="Job can be dispatched to specific queue" file="Seo Health Check Job (Tests\Unit\Jobs\SeoHealthCheckJob)::Job can be dispatched to specific queue" class="Tests\Unit\Jobs\SeoHealthCheckJobTest" classname="Tests.Unit.Jobs.SeoHealthCheckJobTest" assertions="1" time="0.152844"/>
        <testcase name="Job updates status to running on handle" file="Seo Health Check Job (Tests\Unit\Jobs\SeoHealthCheckJob)::Job updates status to running on handle" class="Tests\Unit\Jobs\SeoHealthCheckJobTest" classname="Tests.Unit.Jobs.SeoHealthCheckJobTest" assertions="1" time="0.160774"/>
        <testcase name="Failed method updates status to failed" file="Seo Health Check Job (Tests\Unit\Jobs\SeoHealthCheckJob)::Failed method updates status to failed" class="Tests\Unit\Jobs\SeoHealthCheckJobTest" classname="Tests.Unit.Jobs.SeoHealthCheckJobTest" assertions="2" time="0.161842"/>
        <testcase name="Failed method broadcasts crawl failed event" file="Seo Health Check Job (Tests\Unit\Jobs\SeoHealthCheckJob)::Failed method broadcasts crawl failed event" class="Tests\Unit\Jobs\SeoHealthCheckJobTest" classname="Tests.Unit.Jobs.SeoHealthCheckJobTest" assertions="1" time="0.159641"/>
        <testcase name="Job does not send email for non scheduled check" file="Seo Health Check Job (Tests\Unit\Jobs\SeoHealthCheckJob)::Job does not send email for non scheduled check" class="Tests\Unit\Jobs\SeoHealthCheckJobTest" classname="Tests.Unit.Jobs.SeoHealthCheckJobTest" assertions="1" time="0.156676"/>
        <testcase name="Job sends email for scheduled check" file="Seo Health Check Job (Tests\Unit\Jobs\SeoHealthCheckJob)::Job sends email for scheduled check" class="Tests\Unit\Jobs\SeoHealthCheckJobTest" classname="Tests.Unit.Jobs.SeoHealthCheckJobTest" assertions="1" time="0.159188"/>
        <testcase name="Job sends email to website owner if different from scheduler" file="Seo Health Check Job (Tests\Unit\Jobs\SeoHealthCheckJob)::Job sends email to website owner if different from scheduler" class="Tests\Unit\Jobs\SeoHealthCheckJobTest" classname="Tests.Unit.Jobs.SeoHealthCheckJobTest" assertions="1" time="0.155072"/>
        <testcase name="Job handles email failure gracefully" file="Seo Health Check Job (Tests\Unit\Jobs\SeoHealthCheckJob)::Job handles email failure gracefully" class="Tests\Unit\Jobs\SeoHealthCheckJobTest" classname="Tests.Unit.Jobs.SeoHealthCheckJobTest" assertions="1" time="0.153427"/>
        <testcase name="Job uses queueable trait" file="Seo Health Check Job (Tests\Unit\Jobs\SeoHealthCheckJob)::Job uses queueable trait" class="Tests\Unit\Jobs\SeoHealthCheckJobTest" classname="Tests.Unit.Jobs.SeoHealthCheckJobTest" assertions="2" time="0.150769"/>
        <testcase name="Job stores seo check and crawlable urls" file="Seo Health Check Job (Tests\Unit\Jobs\SeoHealthCheckJob)::Job stores seo check and crawlable urls" class="Tests\Unit\Jobs\SeoHealthCheckJobTest" classname="Tests.Unit.Jobs.SeoHealthCheckJobTest" assertions="2" time="0.146667"/>
      </testsuite>
      <testsuite name="Tests\Unit\Jobs\WebsiteCheckOutboundLinkJobTest" file="Website Check Outbound Link Job (Tests\Unit\Jobs\WebsiteCheckOutboundLinkJob)" tests="8" assertions="10" errors="0" failures="0" skipped="0" time="1.232885">
        <testcase name="Job can be instantiated with website" file="Website Check Outbound Link Job (Tests\Unit\Jobs\WebsiteCheckOutboundLinkJob)::Job can be instantiated with website" class="Tests\Unit\Jobs\WebsiteCheckOutboundLinkJobTest" classname="Tests.Unit.Jobs.WebsiteCheckOutboundLinkJobTest" assertions="1" time="0.159886"/>
        <testcase name="Job implements should queue" file="Website Check Outbound Link Job (Tests\Unit\Jobs\WebsiteCheckOutboundLinkJob)::Job implements should queue" class="Tests\Unit\Jobs\WebsiteCheckOutboundLinkJobTest" classname="Tests.Unit.Jobs.WebsiteCheckOutboundLinkJobTest" assertions="1" time="0.152830"/>
        <testcase name="Job can be dispatched to queue" file="Website Check Outbound Link Job (Tests\Unit\Jobs\WebsiteCheckOutboundLinkJob)::Job can be dispatched to queue" class="Tests\Unit\Jobs\WebsiteCheckOutboundLinkJobTest" classname="Tests.Unit.Jobs.WebsiteCheckOutboundLinkJobTest" assertions="1" time="0.154475"/>
        <testcase name="Job can be dispatched to specific queue" file="Website Check Outbound Link Job (Tests\Unit\Jobs\WebsiteCheckOutboundLinkJob)::Job can be dispatched to specific queue" class="Tests\Unit\Jobs\WebsiteCheckOutboundLinkJobTest" classname="Tests.Unit.Jobs.WebsiteCheckOutboundLinkJobTest" assertions="1" time="0.153332"/>
        <testcase name="Job handle method initiates crawler" file="Website Check Outbound Link Job (Tests\Unit\Jobs\WebsiteCheckOutboundLinkJob)::Job handle method initiates crawler" class="Tests\Unit\Jobs\WebsiteCheckOutboundLinkJobTest" classname="Tests.Unit.Jobs.WebsiteCheckOutboundLinkJobTest" assertions="2" time="0.149099"/>
        <testcase name="Job stores website property" file="Website Check Outbound Link Job (Tests\Unit\Jobs\WebsiteCheckOutboundLinkJob)::Job stores website property" class="Tests\Unit\Jobs\WebsiteCheckOutboundLinkJobTest" classname="Tests.Unit.Jobs.WebsiteCheckOutboundLinkJobTest" assertions="1" time="0.154019"/>
        <testcase name="Multiple jobs can be dispatched for different websites" file="Website Check Outbound Link Job (Tests\Unit\Jobs\WebsiteCheckOutboundLinkJob)::Multiple jobs can be dispatched for different websites" class="Tests\Unit\Jobs\WebsiteCheckOutboundLinkJobTest" classname="Tests.Unit.Jobs.WebsiteCheckOutboundLinkJobTest" assertions="1" time="0.157363"/>
        <testcase name="Job uses queueable trait" file="Website Check Outbound Link Job (Tests\Unit\Jobs\WebsiteCheckOutboundLinkJob)::Job uses queueable trait" class="Tests\Unit\Jobs\WebsiteCheckOutboundLinkJobTest" classname="Tests.Unit.Jobs.WebsiteCheckOutboundLinkJobTest" assertions="2" time="0.151881"/>
      </testsuite>
      <testsuite name="Tests\Unit\Models\ApiKeyTest" file="Api Key (Tests\Unit\Models\ApiKey)" tests="10" assertions="13" errors="0" failures="0" skipped="0" time="1.512342">
        <testcase name="Api key belongs to user" file="Api Key (Tests\Unit\Models\ApiKey)::Api key belongs to user" class="Tests\Unit\Models\ApiKeyTest" classname="Tests.Unit.Models.ApiKeyTest" assertions="2" time="0.158669"/>
        <testcase name="Api key requires name" file="Api Key (Tests\Unit\Models\ApiKey)::Api key requires name" class="Tests\Unit\Models\ApiKeyTest" classname="Tests.Unit.Models.ApiKeyTest" assertions="1" time="0.159147"/>
        <testcase name="Api key requires key" file="Api Key (Tests\Unit\Models\ApiKey)::Api key requires key" class="Tests\Unit\Models\ApiKeyTest" classname="Tests.Unit.Models.ApiKeyTest" assertions="1" time="0.152762"/>
[...]
        <testcase name="Detects too many internal links" file="Seo Issue Detection Service (Tests\Unit\Services\SeoIssueDetectionService)::Detects too many internal links" class="Tests\Unit\Services\SeoIssueDetectionServiceTest" classname="Tests.Unit.Services.SeoIssueDetectionServiceTest" assertions="1" time="0.155219"/>
        <testcase name="Detects mixed content on https page" file="Seo Issue Detection Service (Tests\Unit\Services\SeoIssueDetectionService)::Detects mixed content on https page" class="Tests\Unit\Services\SeoIssueDetectionServiceTest" classname="Tests.Unit.Services.SeoIssueDetectionServiceTest" assertions="1" time="0.155177"/>
        <testcase name="Detects http not redirected to https" file="Seo Issue Detection Service (Tests\Unit\Services\SeoIssueDetectionService)::Detects http not redirected to https" class="Tests\Unit\Services\SeoIssueDetectionServiceTest" classname="Tests.Unit.Services.SeoIssueDetectionServiceTest" assertions="1" time="0.158543"/>
        <testcase name="Skips detection for error status codes" file="Seo Issue Detection Service (Tests\Unit\Services\SeoIssueDetectionService)::Skips detection for error status codes" class="Tests\Unit\Services\SeoIssueDetectionServiceTest" classname="Tests.Unit.Services.SeoIssueDetectionServiceTest" assertions="1" time="0.152227"/>
        <testcase name="Bulk inserts issues in batches" file="Seo Issue Detection Service (Tests\Unit\Services\SeoIssueDetectionService)::Bulk inserts issues in batches" class="Tests\Unit\Services\SeoIssueDetectionServiceTest" classname="Tests.Unit.Services.SeoIssueDetectionServiceTest" assertions="1" time="1.118373"/>
      </testsuite>
      <testsuite name="Tests\Unit\Services\SeoReportGenerationServiceTest" file="Seo Report Generation Service (Tests\Unit\Services\SeoReportGenerationService)" tests="10" assertions="39" errors="0" failures="0" skipped="0" time="1.761829">
        <testcase name="Generates html report" file="Seo Report Generation Service (Tests\Unit\Services\SeoReportGenerationService)::Generates html report" class="Tests\Unit\Services\SeoReportGenerationServiceTest" classname="Tests.Unit.Services.SeoReportGenerationServiceTest" assertions="3" time="0.341698"/>
        <testcase name="Generates csv report" file="Seo Report Generation Service (Tests\Unit\Services\SeoReportGenerationService)::Generates csv report" class="Tests\Unit\Services\SeoReportGenerationServiceTest" classname="Tests.Unit.Services.SeoReportGenerationServiceTest" assertions="4" time="0.150938"/>
        <testcase name="Generates json report" file="Seo Report Generation Service (Tests\Unit\Services\SeoReportGenerationService)::Generates json report" class="Tests\Unit\Services\SeoReportGenerationServiceTest" classname="Tests.Unit.Services.SeoReportGenerationServiceTest" assertions="6" time="0.165678"/>
        <testcase name="Json report contains correct metadata" file="Seo Report Generation Service (Tests\Unit\Services\SeoReportGenerationService)::Json report contains correct metadata" class="Tests\Unit\Services\SeoReportGenerationServiceTest" classname="Tests.Unit.Services.SeoReportGenerationServiceTest" assertions="4" time="0.160139"/>
        <testcase name="Generates historical report" file="Seo Report Generation Service (Tests\Unit\Services\SeoReportGenerationService)::Generates historical report" class="Tests\Unit\Services\SeoReportGenerationServiceTest" classname="Tests.Unit.Services.SeoReportGenerationServiceTest" assertions="6" time="0.169048"/>
        <testcase name="Historical report calculates trend correctly" file="Seo Report Generation Service (Tests\Unit\Services\SeoReportGenerationService)::Historical report calculates trend correctly" class="Tests\Unit\Services\SeoReportGenerationServiceTest" classname="Tests.Unit.Services.SeoReportGenerationServiceTest" assertions="3" time="0.157512"/>
        <testcase name="Cleans up old reports" file="Seo Report Generation Service (Tests\Unit\Services\SeoReportGenerationService)::Cleans up old reports" class="Tests\Unit\Services\SeoReportGenerationServiceTest" classname="Tests.Unit.Services.SeoReportGenerationServiceTest" assertions="3" time="0.150121"/>
        <testcase name="Filename generation uses safe names" file="Seo Report Generation Service (Tests\Unit\Services\SeoReportGenerationService)::Filename generation uses safe names" class="Tests\Unit\Services\SeoReportGenerationServiceTest" classname="Tests.Unit.Services.SeoReportGenerationServiceTest" assertions="3" time="0.154667"/>
        <testcase name="Csv report includes all columns" file="Seo Report Generation Service (Tests\Unit\Services\SeoReportGenerationService)::Csv report includes all columns" class="Tests\Unit\Services\SeoReportGenerationServiceTest" classname="Tests.Unit.Services.SeoReportGenerationServiceTest" assertions="6" time="0.158300"/>
        <testcase name="Get report download url returns correct route" file="Seo Report Generation Service (Tests\Unit\Services\SeoReportGenerationService)::Get report download url returns correct route" class="Tests\Unit\Services\SeoReportGenerationServiceTest" classname="Tests.Unit.Services.SeoReportGenerationServiceTest" assertions="1" time="0.153727"/>
      </testsuite>
      <testsuite name="Tests\Unit\Services\WebsiteUrlValidatorTest" file="Website Url Validator (Tests\Unit\Services\WebsiteUrlValidator)" tests="6" assertions="6" errors="0" failures="0" skipped="0" time="1.140732">
        <testcase name="Validates successfully for valid url" file="Website Url Validator (Tests\Unit\Services\WebsiteUrlValidator)::Validates successfully for valid url" class="Tests\Unit\Services\WebsiteUrlValidatorTest" classname="Tests.Unit.Services.WebsiteUrlValidatorTest" assertions="1" time="0.260922"/>
        <testcase name="Halts when url exists in database" file="Website Url Validator (Tests\Unit\Services\WebsiteUrlValidator)::Halts when url exists in database" class="Tests\Unit\Services\WebsiteUrlValidatorTest" classname="Tests.Unit.Services.WebsiteUrlValidatorTest" assertions="1" time="0.171812"/>
        <testcase name="Halts when website not exists in dns" file="Website Url Validator (Tests\Unit\Services\WebsiteUrlValidator)::Halts when website not exists in dns" class="Tests\Unit\Services\WebsiteUrlValidatorTest" classname="Tests.Unit.Services.WebsiteUrlValidatorTest" assertions="1" time="0.228924"/>
        <testcase name="Halts on certificate error" file="Website Url Validator (Tests\Unit\Services\WebsiteUrlValidator)::Halts on certificate error" class="Tests\Unit\Services\WebsiteUrlValidatorTest" classname="Tests.Unit.Services.WebsiteUrlValidatorTest" assertions="1" time="0.158632"/>
        <testcase name="Halts on non 200 response" file="Website Url Validator (Tests\Unit\Services\WebsiteUrlValidator)::Halts on non 200 response" class="Tests\Unit\Services\WebsiteUrlValidatorTest" classname="Tests.Unit.Services.WebsiteUrlValidatorTest" assertions="1" time="0.156887"/>
        <testcase name="Halts on unknown error" file="Website Url Validator (Tests\Unit\Services\WebsiteUrlValidator)::Halts on unknown error" class="Tests\Unit\Services\WebsiteUrlValidatorTest" classname="Tests.Unit.Services.WebsiteUrlValidatorTest" assertions="1" time="0.163556"/>
      </testsuite>
      <testsuite name="Tests\Unit\WebsiteCreationTest" file="Website Creation (Tests\Unit\WebsiteCreation)" tests="1" assertions="2" errors="0" failures="0" skipped="0" time="0.158918">
        <testcase name="Can create website directly" file="Website Creation (Tests\Unit\WebsiteCreation)::Can create website directly" class="Tests\Unit\WebsiteCreationTest" classname="Tests.Unit.WebsiteCreationTest" assertions="2" time="0.158918"/>
      </testsuite>
    </testsuite>
    <testsuite name="Feature" tests="37" assertions="93" errors="0" failures="0" skipped="0" time="10.582161">
      <testsuite name="Tests\Feature\Api\V1\ProjectChecksSyncTest" file="Project Checks Sync (Tests\Feature\Api\V1\ProjectChecksSync)" tests="14" assertions="33" errors="0" failures="0" skipped="0" time="2.289048">
        <testcase name="Syncs uptime checks successfully" file="Project Checks Sync (Tests\Feature\Api\V1\ProjectChecksSync)::Syncs uptime checks successfully" class="Tests\Feature\Api\V1\ProjectChecksSyncTest" classname="Tests.Feature.Api.V1.ProjectChecksSyncTest" assertions="2" time="0.151873"/>
        <testcase name="Syncs ssl checks successfully" file="Project Checks Sync (Tests\Feature\Api\V1\ProjectChecksSync)::Syncs ssl checks successfully" class="Tests\Feature\Api\V1\ProjectChecksSyncTest" classname="Tests.Feature.Api.V1.ProjectChecksSyncTest" assertions="2" time="0.157083"/>
        <testcase name="Syncs api checks with assertions successfully" file="Project Checks Sync (Tests\Feature\Api\V1\ProjectChecksSync)::Syncs api checks with assertions successfully" class="Tests\Feature\Api\V1\ProjectChecksSyncTest" classname="Tests.Feature.Api.V1.ProjectChecksSyncTest" assertions="3" time="0.155773"/>
        <testcase name="Updates existing checks" file="Project Checks Sync (Tests\Feature\Api\V1\ProjectChecksSync)::Updates existing checks" class="Tests\Feature\Api\V1\ProjectChecksSyncTest" classname="Tests.Feature.Api.V1.ProjectChecksSyncTest" assertions="2" time="0.149701"/>
        <testcase name="Prunes orphaned checks" file="Project Checks Sync (Tests\Feature\Api\V1\ProjectChecksSync)::Prunes orphaned checks" class="Tests\Feature\Api\V1\ProjectChecksSyncTest" classname="Tests.Feature.Api.V1.ProjectChecksSyncTest" assertions="3" time="0.259706"/>
        <testcase name="Preserves manual checks during sync" file="Project Checks Sync (Tests\Feature\Api\V1\ProjectChecksSync)::Preserves manual checks during sync" class="Tests\Feature\Api\V1\ProjectChecksSyncTest" classname="Tests.Feature.Api.V1.ProjectChecksSyncTest" assertions="1" time="0.157260"/>
        <testcase name="Requires authentication" file="Project Checks Sync (Tests\Feature\Api\V1\ProjectChecksSync)::Requires authentication" class="Tests\Feature\Api\V1\ProjectChecksSyncTest" classname="Tests.Feature.Api.V1.ProjectChecksSyncTest" assertions="1" time="0.163261"/>
        <testcase name="Requires project ownership" file="Project Checks Sync (Tests\Feature\Api\V1\ProjectChecksSync)::Requires project ownership" class="Tests\Feature\Api\V1\ProjectChecksSyncTest" classname="Tests.Feature.Api.V1.ProjectChecksSyncTest" assertions="1" time="0.160879"/>
        <testcase name="Validates interval format" file="Project Checks Sync (Tests\Feature\Api\V1\ProjectChecksSync)::Validates interval format" class="Tests\Feature\Api\V1\ProjectChecksSyncTest" classname="Tests.Feature.Api.V1.ProjectChecksSyncTest" assertions="3" time="0.163380"/>
        <testcase name="Validates url format" file="Project Checks Sync (Tests\Feature\Api\V1\ProjectChecksSync)::Validates url format" class="Tests\Feature\Api\V1\ProjectChecksSyncTest" classname="Tests.Feature.Api.V1.ProjectChecksSyncTest" assertions="3" time="0.157948"/>
        <testcase name="Validates required fields" file="Project Checks Sync (Tests\Feature\Api\V1\ProjectChecksSync)::Validates required fields" class="Tests\Feature\Api\V1\ProjectChecksSyncTest" classname="Tests.Feature.Api.V1.ProjectChecksSyncTest" assertions="4" time="0.151044"/>
        <testcase name="Validates assertion types" file="Project Checks Sync (Tests\Feature\Api\V1\ProjectChecksSync)::Validates assertion types" class="Tests\Feature\Api\V1\ProjectChecksSyncTest" classname="Tests.Feature.Api.V1.ProjectChecksSyncTest" assertions="3" time="0.155609"/>
        <testcase name="Syncs multiple check types atomically" file="Project Checks Sync (Tests\Feature\Api\V1\ProjectChecksSync)::Syncs multiple check types atomically" class="Tests\Feature\Api\V1\ProjectChecksSyncTest" classname="Tests.Feature.Api.V1.ProjectChecksSyncTest" assertions="3" time="0.150971"/>
        <testcase name="Replaces assertions on api check update" file="Project Checks Sync (Tests\Feature\Api\V1\ProjectChecksSync)::Replaces assertions on api check update" class="Tests\Feature\Api\V1\ProjectChecksSyncTest" classname="Tests.Feature.Api.V1.ProjectChecksSyncTest" assertions="2" time="0.154559"/>
      </testsuite>
      <testsuite name="Tests\Feature\Api\V1\SimpleHttpTest" file="Simple Http (Tests\Feature\Api\V1\SimpleHttp)" tests="1" assertions="2" errors="0" failures="0" skipped="0" time="0.223684">
        <testcase name="Http request persists data" file="Simple Http (Tests\Feature\Api\V1\SimpleHttp)::Http request persists data" class="Tests\Feature\Api\V1\SimpleHttpTest" classname="Tests.Feature.Api.V1.SimpleHttpTest" assertions="2" time="0.223684"/>
      </testsuite>
      <testsuite name="Tests\Feature\ExampleTest" file="Example (Tests\Feature\Example)" tests="1" assertions="2" errors="0" failures="0" skipped="0" time="0.167538">
        <testcase name="The application returns a successful response" file="Example (Tests\Feature\Example)::The application returns a successful response" class="Tests\Feature\ExampleTest" classname="Tests.Feature.ExampleTest" assertions="2" time="0.167538"/>
      </testsuite>
      <testsuite name="Tests\Feature\Filament\ApiKeyResourceTest" file="Api Key Resource (Tests\Feature\Filament\ApiKeyResource)" tests="11" assertions="29" errors="0" failures="0" skipped="0" time="3.037512">
        <testcase name="Super admin can render list page" file="Api Key Resource (Tests\Feature\Filament\ApiKeyResource)::Super admin can render list page" class="Tests\Feature\Filament\ApiKeyResourceTest" classname="Tests.Feature.Filament.ApiKeyResourceTest" assertions="1" time="0.254347"/>
        <testcase name="Super admin can see own api keys in table" file="Api Key Resource (Tests\Feature\Filament\ApiKeyResource)::Super admin can see own api keys in table" class="Tests\Feature\Filament\ApiKeyResourceTest" classname="Tests.Feature.Filament.ApiKeyResourceTest" assertions="3" time="0.377459"/>
        <testcase name="Super admin cannot see other users api keys" file="Api Key Resource (Tests\Feature\Filament\ApiKeyResource)::Super admin cannot see other users api keys" class="Tests\Feature\Filament\ApiKeyResourceTest" classname="Tests.Feature.Filament.ApiKeyResourceTest" assertions="2" time="0.368321"/>
        <testcase name="Super admin can search api keys" file="Api Key Resource (Tests\Feature\Filament\ApiKeyResource)::Super admin can search api keys" class="Tests\Feature\Filament\ApiKeyResourceTest" classname="Tests.Feature.Filament.ApiKeyResourceTest" assertions="2" time="0.408137"/>
        <testcase name="Super admin can render create page" file="Api Key Resource (Tests\Feature\Filament\ApiKeyResource)::Super admin can render create page" class="Tests\Feature\Filament\ApiKeyResourceTest" classname="Tests.Feature.Filament.ApiKeyResourceTest" assertions="1" time="0.182899"/>
        <testcase name="Super admin can create api key" file="Api Key Resource (Tests\Feature\Filament\ApiKeyResource)::Super admin can create api key" class="Tests\Feature\Filament\ApiKeyResourceTest" classname="Tests.Feature.Filament.ApiKeyResourceTest" assertions="4" time="0.220492"/>
        <testcase name="Create api key requires name" file="Api Key Resource (Tests\Feature\Filament\ApiKeyResource)::Create api key requires name" class="Tests\Feature\Filament\ApiKeyResourceTest" classname="Tests.Feature.Filament.ApiKeyResourceTest" assertions="5" time="0.229459"/>
        <testcase name="Super admin can render edit page" file="Api Key Resource (Tests\Feature\Filament\ApiKeyResource)::Super admin can render edit page" class="Tests\Feature\Filament\ApiKeyResourceTest" classname="Tests.Feature.Filament.ApiKeyResourceTest" assertions="1" time="0.176218"/>
        <testcase name="Super admin can update api key" file="Api Key Resource (Tests\Feature\Filament\ApiKeyResource)::Super admin can update api key" class="Tests\Feature\Filament\ApiKeyResourceTest" classname="Tests.Feature.Filament.ApiKeyResourceTest" assertions="4" time="0.238917"/>
        <testcase name="Super admin can delete api key" file="Api Key Resource (Tests\Feature\Filament\ApiKeyResource)::Super admin can delete api key" class="Tests\Feature\Filament\ApiKeyResourceTest" classname="Tests.Feature.Filament.ApiKeyResourceTest" assertions="3" time="0.205726"/>
        <testcase name="Regular user can access api key resource but sees only own keys" file="Api Key Resource (Tests\Feature\Filament\ApiKeyResource)::Regular user can access api key resource but sees only own keys" class="Tests\Feature\Filament\ApiKeyResourceTest" classname="Tests.Feature.Filament.ApiKeyResourceTest" assertions="3" time="0.375538"/>
      </testsuite>
      <testsuite name="Tests\Feature\Filament\WebsiteResourceTest" file="Website Resource (Tests\Feature\Filament\WebsiteResource)" tests="10" assertions="27" errors="0" failures="0" skipped="0" time="4.864380">
        <testcase name="Super admin can render list page" file="Website Resource (Tests\Feature\Filament\WebsiteResource)::Super admin can render list page" class="Tests\Feature\Filament\WebsiteResourceTest" classname="Tests.Feature.Filament.WebsiteResourceTest" assertions="1" time="0.206120"/>
        <testcase name="Super admin can see websites in table" file="Website Resource (Tests\Feature\Filament\WebsiteResource)::Super admin can see websites in table" class="Tests\Feature\Filament\WebsiteResourceTest" classname="Tests.Feature.Filament.WebsiteResourceTest" assertions="3" time="0.222458"/>
        <testcase name="Super admin can search websites" file="Website Resource (Tests\Feature\Filament\WebsiteResource)::Super admin can search websites" class="Tests\Feature\Filament\WebsiteResourceTest" classname="Tests.Feature.Filament.WebsiteResourceTest" assertions="2" time="0.263512"/>
        <testcase name="Super admin can render create page" file="Website Resource (Tests\Feature\Filament\WebsiteResource)::Super admin can render create page" class="Tests\Feature\Filament\WebsiteResourceTest" classname="Tests.Feature.Filament.WebsiteResourceTest" assertions="1" time="0.206265"/>
        <testcase name="Super admin can create website" file="Website Resource (Tests\Feature\Filament\WebsiteResource)::Super admin can create website" class="Tests\Feature\Filament\WebsiteResourceTest" classname="Tests.Feature.Filament.WebsiteResourceTest" assertions="4" time="1.740044"/>
        <testcase name="Create website requires url" file="Website Resource (Tests\Feature\Filament\WebsiteResource)::Create website requires url" class="Tests\Feature\Filament\WebsiteResourceTest" classname="Tests.Feature.Filament.WebsiteResourceTest" assertions="5" time="0.295587"/>
        <testcase name="Super admin can render edit page" file="Website Resource (Tests\Feature\Filament\WebsiteResource)::Super admin can render edit page" class="Tests\Feature\Filament\WebsiteResourceTest" classname="Tests.Feature.Filament.WebsiteResourceTest" assertions="1" time="0.209894"/>
        <testcase name="Super admin can update website" file="Website Resource (Tests\Feature\Filament\WebsiteResource)::Super admin can update website" class="Tests\Feature\Filament\WebsiteResourceTest" classname="Tests.Feature.Filament.WebsiteResourceTest" assertions="4" time="1.283607"/>
        <testcase name="Super admin can delete website" file="Website Resource (Tests\Feature\Filament\WebsiteResource)::Super admin can delete website" class="Tests\Feature\Filament\WebsiteResourceTest" classname="Tests.Feature.Filament.WebsiteResourceTest" assertions="3" time="0.225341"/>
        <testcase name="Regular user can access website resource but sees only own websites" file="Website Resource (Tests\Feature\Filament\WebsiteResource)::Regular user can access website resource but sees only own websites" class="Tests\Feature\Filament\WebsiteResourceTest" classname="Tests.Feature.Filament.WebsiteResourceTest" assertions="3" time="0.211553"/>
      </testsuite>
    </testsuite>
  </testsuite>
</testsuites>
